TN:
SF:/home/mshameer/Projects/fr-webcms-components/src/helpers/styles/themeManager.js
FN:19,_interopRequireDefault
FN:27,modifyRawThemeSpacing
FN:30,modifyRawThemePalette
FN:34,modifyRawThemeFontFamily
FNF:4
FNH:1
FNDA:3,_interopRequireDefault
FNDA:0,modifyRawThemeSpacing
FNDA:0,modifyRawThemePalette
FNDA:0,modifyRawThemeFontFamily
DA:3,1
DA:7,1
DA:9,1
DA:11,1
DA:13,1
DA:15,1
DA:17,1
DA:19,3
DA:23,1
DA:28,0
DA:31,0
DA:32,0
DA:35,0
LF:13
LH:9
BRDA:19,1,0,2
BRDA:19,1,1,1
BRDA:19,2,0,3
BRDA:19,2,1,3
BRF:4
BRH:4
end_of_record
TN:
SF:/home/mshameer/Projects/fr-webcms-components/src/helpers/utils/extend.js
FN:7,(anonymous_1)
FN:7,(anonymous_2)
FN:9,isObject
FN:21,extend
FN:26,(anonymous_5)
FN:41,(anonymous_6)
FNF:6
FNH:0
FNDA:0,(anonymous_1)
FNDA:0,(anonymous_2)
FNDA:0,isObject
FNDA:0,extend
FNDA:0,(anonymous_5)
FNDA:0,(anonymous_6)
DA:3,1
DA:7,1
DA:9,1
DA:10,0
DA:21,1
DA:23,0
DA:26,0
DA:28,0
DA:29,0
DA:31,0
DA:34,0
DA:39,0
DA:41,0
DA:43,0
DA:46,0
DA:47,0
DA:52,0
DA:55,1
LF:18
LH:5
BRDA:7,1,0,0
BRDA:7,1,1,1
BRDA:7,2,0,1
BRDA:7,2,1,1
BRDA:7,3,0,0
BRDA:7,3,1,0
BRDA:7,4,0,0
BRDA:7,4,1,0
BRDA:7,4,2,0
BRDA:10,5,0,0
BRDA:10,5,1,0
BRDA:10,6,0,0
BRDA:10,6,1,0
BRDA:31,7,0,0
BRDA:31,7,1,0
BRDA:34,8,0,0
BRDA:34,8,1,0
BRDA:34,9,0,0
BRDA:34,9,1,0
BRDA:39,10,0,0
BRDA:39,10,1,0
BRDA:46,11,0,0
BRDA:46,11,1,0
BRDA:46,12,0,0
BRDA:46,12,1,0
BRF:25
BRH:3
end_of_record
TN:
SF:/home/mshameer/Projects/fr-webcms-components/src/helpers/styles/getMuiTheme.js
FN:33,_interopRequireDefault
FN:41,getMuiTheme
FN:360,getCompTheme
FNF:3
FNH:3
FNDA:6,_interopRequireDefault
FNDA:905,getMuiTheme
FNDA:2607,getCompTheme
DA:3,1
DA:6,1
DA:7,1
DA:9,1
DA:11,1
DA:13,1
DA:15,1
DA:17,1
DA:19,1
DA:21,1
DA:23,1
DA:25,1
DA:27,1
DA:29,1
DA:31,1
DA:33,6
DA:41,1
DA:42,905
DA:43,905
DA:44,905
DA:45,905
DA:47,905
DA:360,1
DA:361,2607
DA:362,2607
DA:363,2607
DA:364,2607
DA:366,2607
DA:367,2607
LF:29
LH:29
BRDA:33,1,0,5
BRDA:33,1,1,1
BRDA:33,2,0,6
BRDA:33,2,1,6
BRDA:212,3,0,905
BRDA:212,3,1,0
BRF:6
BRH:5
end_of_record
TN:
SF:/home/mshameer/Projects/fr-webcms-components/src/helpers/styles/colors.js
FNF:0
FNH:0
DA:3,1
DA:6,1
LF:2
LH:2
BRF:0
BRH:0
end_of_record
TN:
SF:/home/mshameer/Projects/fr-webcms-components/src/helpers/utils/colorManipulator.js
FN:21,_luminance
FN:26,(anonymous_2)
FN:47,_convertColorToString
FN:63,_convertHexToRGB
FN:85,_decomposeColor
FN:100,fade
FN:109,lighten
FN:126,darken
FN:147,contrastRatio
FN:167,contrastRatioLevel
FNF:10
FNH:6
FNDA:0,_luminance
FNDA:0,(anonymous_2)
FNDA:35126,_convertColorToString
FNDA:27191,_convertHexToRGB
FNDA:59710,_decomposeColor
FNDA:32411,fade
FNDA:905,lighten
FNDA:1810,darken
FNDA:0,contrastRatio
FNDA:0,contrastRatioLevel
DA:3,1
DA:6,1
DA:22,0
DA:24,0
DA:25,0
DA:26,0
DA:27,0
DA:28,0
DA:31,0
DA:33,0
DA:34,0
DA:35,0
DA:38,0
DA:48,35126
DA:50,35126
DA:51,33316
DA:52,1810
DA:53,0
DA:55,1810
DA:58,35126
DA:64,27191
DA:65,27191
DA:66,2607
DA:67,2607
DA:68,7821
DA:71,2607
DA:74,27191
DA:80,27191
DA:86,59710
DA:87,24584
DA:90,35126
DA:91,35126
DA:92,35126
DA:94,35126
DA:101,32411
DA:102,32411
DA:103,32411
DA:104,32411
DA:110,905
DA:112,905
DA:113,0
DA:114,0
DA:115,905
DA:116,905
DA:117,2715
DA:118,2715
DA:122,905
DA:124,905
DA:127,1810
DA:128,1810
DA:130,1810
DA:131,0
DA:132,0
DA:133,1810
DA:134,1810
DA:135,5430
DA:136,5430
DA:140,1810
DA:148,0
DA:149,0
DA:151,0
DA:152,0
DA:153,0
DA:155,0
DA:158,0
DA:168,0
DA:187,0
DA:189,0
DA:190,0
DA:191,0
DA:192,0
LF:71
LH:42
BRDA:25,1,0,0
BRDA:25,1,1,0
BRDA:28,2,0,0
BRDA:28,2,1,0
BRDA:50,3,0,33316
BRDA:50,3,1,1810
BRDA:52,4,0,0
BRDA:52,4,1,1810
BRDA:65,5,0,2607
BRDA:65,5,1,24584
BRDA:86,6,0,24584
BRDA:86,6,1,35126
BRDA:103,7,0,21869
BRDA:103,7,1,10542
BRDA:103,8,0,32411
BRDA:103,8,1,10542
BRDA:112,9,0,0
BRDA:112,9,1,905
BRDA:115,10,0,905
BRDA:115,10,1,0
BRDA:118,11,0,1810
BRDA:118,11,1,905
BRDA:122,12,0,905
BRDA:122,12,1,0
BRDA:130,13,0,0
BRDA:130,13,1,1810
BRDA:133,14,0,1810
BRDA:133,14,1,0
BRDA:136,15,0,0
BRDA:136,15,1,5430
BRDA:152,16,0,0
BRDA:152,16,1,0
BRDA:190,17,0,0
BRDA:190,17,1,0
BRDA:192,18,0,0
BRDA:192,18,1,0
BRDA:192,19,0,0
BRDA:192,19,1,0
BRF:38
BRH:19
end_of_record
TN:
SF:/home/mshameer/Projects/fr-webcms-components/src/helpers/styles/baseThemes/lightBaseTheme.js
FN:19,_interopRequireDefault
FNF:1
FNH:1
FNDA:3,_interopRequireDefault
DA:3,1
DA:7,1
DA:9,1
DA:11,1
DA:13,1
DA:15,1
DA:17,1
DA:19,3
DA:27,1
LF:9
LH:9
BRDA:19,1,0,3
BRDA:19,1,1,0
BRDA:19,2,0,3
BRDA:19,2,1,3
BRF:4
BRH:3
end_of_record
TN:
SF:/home/mshameer/Projects/fr-webcms-components/src/helpers/styles/spacing.js
FNF:0
FNH:0
DA:3,1
DA:6,1
LF:2
LH:2
BRF:0
BRH:0
end_of_record
TN:
SF:/home/mshameer/Projects/fr-webcms-components/src/helpers/styles/zIndex.js
FNF:0
FNH:0
DA:3,1
DA:6,1
LF:2
LH:2
BRF:0
BRH:0
end_of_record
TN:
SF:/home/mshameer/Projects/fr-webcms-components/src/helpers/styles/typography.js
FN:11,_interopRequireDefault
FN:13,_classCallCheck
FN:15,Typography
FNF:3
FNH:3
FNDA:1,_interopRequireDefault
FNDA:1,_classCallCheck
FNDA:1,Typography
DA:3,1
DA:7,1
DA:9,1
DA:11,1
DA:13,1
DA:15,1
DA:16,1
DA:19,1
DA:20,1
DA:21,1
DA:22,1
DA:23,1
DA:24,1
DA:25,1
DA:28,1
DA:29,1
DA:30,1
DA:32,1
DA:35,1
LF:19
LH:19
BRDA:11,1,0,1
BRDA:11,1,1,0
BRDA:11,2,0,1
BRDA:11,2,1,1
BRDA:13,3,0,0
BRDA:13,3,1,1
BRF:6
BRH:4
end_of_record
TN:
SF:/home/mshameer/Projects/fr-webcms-components/src/helpers/styles/rawThemes/lightRawTheme.js
FN:11,_interopRequireDefault
FNF:1
FNH:1
FNDA:1,_interopRequireDefault
DA:3,1
DA:7,1
DA:9,1
DA:11,1
DA:13,1
LF:5
LH:5
BRDA:11,1,0,1
BRDA:11,1,1,0
BRDA:11,2,0,1
BRDA:11,2,1,1
BRF:4
BRH:3
end_of_record
TN:
SF:/home/mshameer/Projects/fr-webcms-components/src/Accordion/index.js
FN:7,(anonymous_1)
FN:7,defineProperties
FN:7,(anonymous_3)
FN:23,_interopRequireDefault
FN:25,_classCallCheck
FN:27,_possibleConstructorReturn
FN:29,_inherits
FN:43,(anonymous_8)
FN:46,Accordion
FN:59,(anonymous_10)
FN:66,componentDidMount
FN:71,render
FN:86,(anonymous_13)
FNF:13
FNH:13
FNDA:1,(anonymous_1)
FNDA:1,defineProperties
FNDA:1,(anonymous_3)
FNDA:3,_interopRequireDefault
FNDA:7,_classCallCheck
FNDA:14,_possibleConstructorReturn
FNDA:1,_inherits
FNDA:1,(anonymous_8)
FNDA:7,Accordion
FNDA:1,(anonymous_10)
FNDA:7,componentDidMount
FNDA:8,render
FNDA:13,(anonymous_13)
DA:3,1
DA:7,2
DA:9,1
DA:11,1
DA:13,1
DA:15,1
DA:17,1
DA:19,1
DA:21,1
DA:23,3
DA:25,7
DA:27,14
DA:29,1
DA:31,1
DA:32,1
DA:33,1
DA:34,1
DA:35,1
DA:37,1
DA:43,1
DA:44,1
DA:46,1
DA:47,7
DA:49,7
DA:51,7
DA:53,7
DA:54,21
DA:57,7
DA:60,1
DA:64,1
DA:67,7
DA:72,8
DA:74,8
DA:75,8
DA:76,8
DA:77,8
DA:78,8
DA:79,8
DA:82,8
DA:83,8
DA:84,8
DA:86,8
DA:87,13
DA:88,13
DA:89,1
DA:92,13
DA:93,13
DA:94,7
DA:95,4
DA:98,6
DA:99,1
DA:100,1
DA:104,13
DA:114,8
DA:126,1
DA:129,1
DA:139,1
LF:57
LH:57
BRDA:7,1,0,2
BRDA:7,1,1,2
BRDA:7,2,0,2
BRDA:7,2,1,0
BRDA:7,3,0,1
BRDA:7,3,1,0
BRDA:7,4,0,0
BRDA:7,4,1,1
BRDA:23,5,0,2
BRDA:23,5,1,1
BRDA:23,6,0,3
BRDA:23,6,1,3
BRDA:25,7,0,0
BRDA:25,7,1,7
BRDA:27,8,0,0
BRDA:27,8,1,14
BRDA:27,9,0,7
BRDA:27,9,1,7
BRDA:27,10,0,14
BRDA:27,10,1,7
BRDA:27,10,2,0
BRDA:29,11,0,0
BRDA:29,11,1,1
BRDA:29,12,0,1
BRDA:29,12,1,0
BRDA:29,13,0,1
BRDA:29,13,1,1
BRDA:29,14,0,1
BRDA:29,14,1,0
BRDA:29,15,0,1
BRDA:29,15,1,0
BRDA:82,16,0,8
BRDA:82,16,1,7
BRDA:88,17,0,1
BRDA:88,17,1,12
BRDA:93,18,0,7
BRDA:93,18,1,6
BRDA:94,19,0,4
BRDA:94,19,1,3
BRDA:94,20,0,7
BRDA:94,20,1,4
BRDA:98,21,0,1
BRDA:98,21,1,5
BRDA:98,22,0,6
BRDA:98,22,1,2
BRDA:98,22,2,1
BRF:46
BRH:36
end_of_record
TN:
SF:/home/mshameer/Projects/fr-webcms-components/src/helpers/utils/uniqueId.js
FN:9,generate
FNF:1
FNH:1
FNDA:1251,generate
DA:3,1
DA:6,1
DA:8,1
DA:10,1251
LF:4
LH:4
BRF:0
BRH:0
end_of_record
TN:
SF:/home/mshameer/Projects/fr-webcms-components/src/helpers/utils/stylePropable.js
FN:16,_interopRequireDefault
FN:19,mergeStyles
FN:24,mergeAndPrefix
FN:35,prepareStyles
FNF:4
FNH:3
FNDA:2,_interopRequireDefault
FNDA:9212,mergeStyles
FNDA:0,mergeAndPrefix
FNDA:897,prepareStyles
DA:3,1
DA:6,1
DA:8,1
DA:10,1
DA:12,1
DA:14,1
DA:16,2
DA:19,1
DA:20,9212
DA:24,1
DA:25,0
DA:35,1
DA:36,897
LF:13
LH:12
BRDA:16,1,0,2
BRDA:16,1,1,0
BRDA:16,2,0,2
BRDA:16,2,1,2
BRDA:36,3,0,897
BRDA:36,3,1,897
BRF:6
BRH:5
end_of_record
TN:
SF:/home/mshameer/Projects/fr-webcms-components/src/helpers/utils/immutabilityHelper.js
FN:11,_interopRequireDefault
FN:13,mergeSingle
FN:20,merge
FN:32,mergeItem
FN:37,push
FN:41,shift
FNF:6
FNH:3
FNDA:1,_interopRequireDefault
FNDA:10989,mergeSingle
FNDA:11157,merge
FNDA:0,mergeItem
FNDA:0,push
FNDA:0,shift
DA:3,1
DA:7,1
DA:9,1
DA:11,1
DA:13,1
DA:14,10989
DA:15,10902
DA:16,10902
DA:19,1
DA:21,11157
DA:22,11157
DA:24,11157
DA:25,14569
DA:26,10989
DA:30,11157
DA:33,0
DA:34,0
DA:35,0
DA:38,0
DA:39,0
DA:42,0
LF:21
LH:15
BRDA:11,1,0,0
BRDA:11,1,1,1
BRDA:11,2,0,1
BRDA:11,2,1,1
BRDA:14,3,0,87
BRDA:14,3,1,10902
BRDA:15,4,0,0
BRDA:15,4,1,10902
BRDA:25,5,0,10989
BRDA:25,5,1,3580
BRDA:38,6,0,0
BRDA:38,6,1,0
BRF:12
BRH:8
end_of_record
TN:
SF:/home/mshameer/Projects/fr-webcms-components/src/helpers/utils/styles.js
FN:15,_interopRequireDefault
FN:22,merge
FN:25,mergeAndPrefix
FN:33,ensureDirection
FN:61,stylesPusher
FN:118,prepareStyles
FNF:6
FNH:3
FNDA:2,_interopRequireDefault
FNDA:0,merge
FNDA:0,mergeAndPrefix
FNDA:1416,ensureDirection
FNDA:0,stylesPusher
FNDA:1416,prepareStyles
DA:3,1
DA:7,1
DA:9,1
DA:11,1
DA:13,1
DA:15,2
DA:17,1
DA:19,1
DA:21,1
DA:23,0
DA:26,0
DA:27,0
DA:34,1416
DA:35,1416
DA:36,1416
DA:37,0
DA:40,1416
DA:46,1416
DA:48,0
DA:60,0
DA:61,0
DA:62,0
DA:63,0
DA:65,0
DA:66,0
DA:69,0
DA:72,0
DA:73,0
DA:74,0
DA:75,0
DA:78,0
DA:80,0
DA:81,0
DA:82,0
DA:83,0
DA:86,0
DA:88,0
DA:89,0
DA:90,0
DA:93,0
DA:94,0
DA:95,0
DA:98,0
DA:100,0
DA:101,0
DA:102,0
DA:103,0
DA:106,0
DA:108,0
DA:111,0
DA:114,0
DA:116,0
DA:119,1416
DA:120,2452
DA:123,1416
DA:124,1416
DA:125,1416
DA:126,1416
LF:58
LH:20
BRDA:15,1,0,2
BRDA:15,1,1,0
BRDA:15,2,0,2
BRDA:15,2,1,2
BRDA:35,3,0,1416
BRDA:35,3,1,0
BRDA:36,4,0,0
BRDA:36,4,1,1416
BRDA:46,5,0,1416
BRDA:46,5,1,0
BRDA:46,6,0,1416
BRDA:46,6,1,519
BRDA:65,7,0,0
BRDA:65,7,1,0
BRDA:69,8,0,0
BRDA:69,8,1,0
BRDA:69,8,2,0
BRDA:69,8,3,0
BRDA:69,8,4,0
BRDA:69,8,5,0
BRDA:72,9,0,0
BRDA:72,9,1,0
BRDA:74,10,0,0
BRDA:74,10,1,0
BRDA:80,11,0,0
BRDA:80,11,1,0
BRDA:82,12,0,0
BRDA:82,12,1,0
BRDA:89,13,0,0
BRDA:89,13,1,0
BRDA:94,14,0,0
BRDA:94,14,1,0
BRDA:95,15,0,0
BRDA:95,15,1,0
BRDA:100,16,0,0
BRDA:100,16,1,0
BRDA:102,17,0,0
BRDA:102,17,1,0
BRDA:124,18,0,519
BRDA:124,18,1,897
BRDA:124,19,0,897
BRDA:124,19,1,0
BRF:42
BRH:11
end_of_record
TN:
SF:/home/mshameer/Projects/fr-webcms-components/src/helpers/styles/autoPrefix.js
FN:11,_interopRequireDefault
FN:16,getPrefixer
FN:36,all
FN:52,set
FN:64,getPrefix
FNF:5
FNH:3
FNDA:1,_interopRequireDefault
FNDA:1416,getPrefixer
FNDA:1416,all
FNDA:0,set
FNDA:0,getPrefix
DA:3,1
DA:7,1
DA:9,1
DA:11,1
DA:13,1
DA:15,1
DA:18,1416
DA:19,0
DA:20,0
DA:23,1416
DA:26,1416
DA:29,1416
DA:30,1
DA:31,1
DA:34,1416
DA:37,1416
DA:38,0
DA:41,1416
DA:43,1416
DA:44,1416
DA:45,1416
DA:47,0
DA:50,1416
DA:53,0
DA:54,0
DA:56,0
DA:58,0
DA:59,0
DA:61,0
DA:65,0
DA:66,0
DA:68,0
DA:69,0
DA:71,0
DA:72,0
DA:74,0
DA:77,0
LF:37
LH:19
BRDA:11,1,0,0
BRDA:11,1,1,1
BRDA:11,2,0,1
BRDA:11,2,1,1
BRDA:18,3,0,0
BRDA:18,3,1,1416
BRDA:29,4,0,1
BRDA:29,4,1,1415
BRDA:37,5,0,0
BRDA:37,5,1,1416
BRDA:44,6,0,1416
BRDA:44,6,1,0
BRDA:58,7,0,0
BRDA:58,7,1,0
BRDA:71,8,0,0
BRDA:71,8,1,0
BRDA:77,9,0,0
BRDA:77,9,1,0
BRF:18
BRH:8
end_of_record
TN:
SF:/home/mshameer/Projects/fr-webcms-components/src/helpers/composedComponents/contextPure.js
FN:7,(anonymous_1)
FN:9,(anonymous_2)
FN:9,defineProperties
FN:9,(anonymous_4)
FN:21,_interopRequireDefault
FN:23,_classCallCheck
FN:25,_possibleConstructorReturn
FN:27,_inherits
FN:29,relevantContextKeysEqual
FN:46,(anonymous_10)
FN:56,composeContextPure
FN:57,(anonymous_12)
FN:60,composedWithContextPure
FN:71,shouldComponentUpdate
FN:97,render
FNF:15
FNH:12
FNDA:0,(anonymous_1)
FNDA:1,(anonymous_2)
FNDA:61,defineProperties
FNDA:61,(anonymous_4)
FNDA:2,_interopRequireDefault
FNDA:2165,_classCallCheck
FNDA:2165,_possibleConstructorReturn
FNDA:61,_inherits
FNDA:0,relevantContextKeysEqual
FNDA:0,(anonymous_10)
FNDA:61,composeContextPure
FNDA:61,(anonymous_12)
FNDA:2165,composedWithContextPure
FNDA:662,shouldComponentUpdate
FNDA:2805,render
DA:3,1
DA:7,1
DA:9,122
DA:11,1
DA:13,1
DA:15,1
DA:17,1
DA:19,1
DA:21,2
DA:23,2165
DA:25,2165
DA:27,61
DA:29,1
DA:30,0
DA:31,0
DA:35,0
DA:36,0
DA:37,0
DA:39,0
DA:40,0
DA:45,0
DA:46,0
DA:47,0
DA:49,0
DA:53,0
DA:56,1
DA:57,61
DA:58,61
DA:60,1
DA:61,2165
DA:63,2165
DA:66,61
DA:72,662
DA:76,662
DA:77,640
DA:81,22
DA:82,22
DA:86,0
DA:87,0
DA:91,0
DA:98,2805
DA:102,61
DA:105,61
DA:108,61
LF:44
LH:29
BRDA:7,1,0,1
BRDA:7,1,1,0
BRDA:7,2,0,0
BRDA:7,2,1,0
BRDA:9,3,0,122
BRDA:9,3,1,122
BRDA:9,4,0,122
BRDA:9,4,1,0
BRDA:9,5,0,61
BRDA:9,5,1,0
BRDA:9,6,0,0
BRDA:9,6,1,61
BRDA:21,7,0,1
BRDA:21,7,1,1
BRDA:21,8,0,2
BRDA:21,8,1,2
BRDA:23,9,0,0
BRDA:23,9,1,2165
BRDA:25,10,0,0
BRDA:25,10,1,2165
BRDA:25,11,0,0
BRDA:25,11,1,2165
BRDA:25,12,0,2165
BRDA:25,12,1,0
BRDA:25,12,2,0
BRDA:27,13,0,0
BRDA:27,13,1,61
BRDA:27,14,0,61
BRDA:27,14,1,0
BRDA:27,15,0,61
BRDA:27,15,1,61
BRDA:27,16,0,61
BRDA:27,16,1,0
BRDA:27,17,0,61
BRDA:27,17,1,0
BRDA:35,18,0,0
BRDA:35,18,1,0
BRDA:39,19,0,0
BRDA:39,19,1,0
BRDA:45,20,0,0
BRDA:45,20,1,0
BRDA:76,21,0,640
BRDA:76,21,1,22
BRDA:76,22,0,662
BRDA:76,22,1,22
BRDA:81,23,0,22
BRDA:81,23,1,0
BRDA:81,24,0,22
BRDA:81,24,1,22
BRDA:86,25,0,0
BRDA:86,25,1,0
BRDA:86,26,0,0
BRDA:86,26,1,0
BRDA:87,27,0,0
BRDA:87,27,1,0
BRDA:105,28,0,61
BRDA:105,28,1,61
BRF:57
BRH:29
end_of_record
TN:
SF:/home/mshameer/Projects/fr-webcms-components/src/helpers/utils/shallowEqual.js
FN:7,(anonymous_1)
FN:7,(anonymous_2)
FN:10,shallowEqual
FNF:3
FNH:2
FNDA:0,(anonymous_1)
FNDA:1322,(anonymous_2)
FNDA:690,shallowEqual
DA:3,1
DA:7,1322
DA:9,1
DA:10,1
DA:11,690
DA:12,29
DA:15,661
DA:16,0
DA:19,661
DA:20,661
DA:22,661
DA:23,3
DA:27,658
DA:28,658
DA:29,1437
DA:30,640
DA:34,18
LF:17
LH:16
BRDA:7,1,0,0
BRDA:7,1,1,1
BRDA:7,2,0,1
BRDA:7,2,1,1
BRDA:7,3,0,0
BRDA:7,3,1,1322
BRDA:7,4,0,1322
BRDA:7,4,1,1322
BRDA:7,4,2,1322
BRDA:11,5,0,29
BRDA:11,5,1,661
BRDA:15,6,0,0
BRDA:15,6,1,661
BRDA:15,7,0,661
BRDA:15,7,1,661
BRDA:15,7,2,661
BRDA:15,7,3,661
BRDA:15,8,0,0
BRDA:15,8,1,661
BRDA:15,9,0,0
BRDA:15,9,1,661
BRDA:22,10,0,3
BRDA:22,10,1,658
BRDA:29,11,0,640
BRDA:29,11,1,797
BRDA:29,12,0,1437
BRDA:29,12,1,1437
BRF:27
BRH:22
end_of_record
TN:
SF:/home/mshameer/Projects/fr-webcms-components/src/Accordion/AccordionItem.js
FN:7,(anonymous_1)
FN:7,defineProperties
FN:7,(anonymous_3)
FN:31,_interopRequireDefault
FN:33,_classCallCheck
FN:35,_possibleConstructorReturn
FN:37,_inherits
FN:48,prepareStyle
FN:106,(anonymous_9)
FN:109,AccordionItem
FN:122,(anonymous_11)
FN:139,componentWillMount
FN:144,componentWillReceiveProps
FN:151,render
FN:176,(anonymous_15)
FNF:15
FNH:15
FNDA:1,(anonymous_1)
FNDA:1,defineProperties
FNDA:1,(anonymous_3)
FNDA:5,_interopRequireDefault
FNDA:14,_classCallCheck
FNDA:28,_possibleConstructorReturn
FNDA:1,_inherits
FNDA:18,prepareStyle
FNDA:1,(anonymous_9)
FNDA:14,AccordionItem
FNDA:3,(anonymous_11)
FNDA:14,componentWillMount
FNDA:2,componentWillReceiveProps
FNDA:18,render
FNDA:36,(anonymous_15)
DA:3,1
DA:7,3
DA:9,1
DA:11,1
DA:13,1
DA:15,1
DA:17,1
DA:19,1
DA:21,1
DA:23,1
DA:25,1
DA:27,1
DA:29,1
DA:31,5
DA:33,14
DA:35,28
DA:37,1
DA:39,1
DA:40,1
DA:41,1
DA:42,1
DA:43,1
DA:44,1
DA:45,1
DA:48,1
DA:49,18
DA:50,18
DA:52,18
DA:103,18
DA:106,1
DA:107,1
DA:109,1
DA:110,14
DA:112,14
DA:114,14
DA:116,14
DA:117,42
DA:120,14
DA:123,3
DA:124,3
DA:125,3
DA:126,3
DA:129,3
DA:130,2
DA:132,1
DA:137,1
DA:140,14
DA:145,2
DA:146,2
DA:152,18
DA:153,18
DA:154,18
DA:155,18
DA:156,18
DA:157,18
DA:158,18
DA:159,18
DA:160,18
DA:161,18
DA:162,18
DA:163,18
DA:165,18
DA:167,18
DA:170,18
DA:171,18
DA:172,18
DA:173,18
DA:175,18
DA:176,18
DA:177,36
DA:178,18
DA:180,18
DA:184,18
DA:185,18
DA:186,18
DA:187,18
DA:188,18
DA:190,18
DA:222,1
DA:225,1
DA:244,1
LF:81
LH:81
BRDA:7,1,0,3
BRDA:7,1,1,3
BRDA:7,2,0,3
BRDA:7,2,1,0
BRDA:7,3,0,1
BRDA:7,3,1,0
BRDA:7,4,0,0
BRDA:7,4,1,1
BRDA:31,5,0,4
BRDA:31,5,1,1
BRDA:31,6,0,5
BRDA:31,6,1,5
BRDA:33,7,0,0
BRDA:33,7,1,14
BRDA:35,8,0,0
BRDA:35,8,1,28
BRDA:35,9,0,14
BRDA:35,9,1,14
BRDA:35,10,0,28
BRDA:35,10,1,14
BRDA:35,10,2,0
BRDA:37,11,0,0
BRDA:37,11,1,1
BRDA:37,12,0,1
BRDA:37,12,1,0
BRDA:37,13,0,1
BRDA:37,13,1,1
BRDA:37,14,0,1
BRDA:37,14,1,0
BRDA:37,15,0,1
BRDA:37,15,1,0
BRDA:49,16,0,18
BRDA:49,16,1,18
BRDA:50,17,0,18
BRDA:50,17,1,18
BRDA:50,17,2,0
BRDA:129,18,0,2
BRDA:129,18,1,1
BRDA:130,19,0,1
BRDA:130,19,1,1
BRDA:145,20,0,2
BRDA:145,20,1,0
BRDA:171,21,0,8
BRDA:171,21,1,10
BRDA:172,22,0,8
BRDA:172,22,1,10
BRDA:173,23,0,8
BRDA:173,23,1,10
BRDA:177,24,0,18
BRDA:177,24,1,18
BRF:50
BRH:38
end_of_record
TN:
SF:/home/mshameer/Projects/fr-webcms-components/src/core/Icon/index.jsx
FN:19,_interopRequireDefault
FN:24,Icon
FNF:2
FNH:2
FNDA:3,_interopRequireDefault
FNDA:87,Icon
DA:3,1
DA:7,1
DA:9,1
DA:11,1
DA:13,1
DA:15,1
DA:17,1
DA:19,3
DA:21,1
DA:24,1
DA:25,87
DA:27,87
DA:28,87
DA:31,1
DA:35,1
LF:15
LH:15
BRDA:19,1,0,2
BRDA:19,1,1,1
BRDA:19,2,0,3
BRDA:19,2,1,3
BRDA:27,3,0,86
BRDA:27,3,1,1
BRF:6
BRH:6
end_of_record
TN:
SF:/home/mshameer/Projects/fr-webcms-components/src/SvgIcons/svgIcons.js
FN:67,_interopRequireDefault
FNF:1
FNH:1
FNDA:15,_interopRequireDefault
DA:3,1
DA:7,1
DA:9,1
DA:11,1
DA:13,1
DA:15,1
DA:17,1
DA:19,1
DA:21,1
DA:23,1
DA:25,1
DA:27,1
DA:29,1
DA:31,1
DA:33,1
DA:35,1
DA:37,1
DA:39,1
DA:41,1
DA:43,1
DA:45,1
DA:47,1
DA:49,1
DA:51,1
DA:53,1
DA:55,1
DA:57,1
DA:59,1
DA:61,1
DA:63,1
DA:65,1
DA:67,15
DA:69,1
DA:87,1
LF:34
LH:34
BRDA:67,1,0,15
BRDA:67,1,1,0
BRDA:67,2,0,15
BRDA:67,2,1,15
BRF:4
BRH:3
end_of_record
TN:
SF:/home/mshameer/Projects/fr-webcms-components/src/SvgIcons/action/ActionAddShoppingCart.jsx
FN:19,_interopRequireDefault
FN:27,render
FNF:2
FNH:1
FNDA:3,_interopRequireDefault
FNDA:0,render
DA:3,1
DA:7,1
DA:9,1
DA:11,1
DA:13,1
DA:15,1
DA:17,1
DA:19,3
DA:21,1
DA:28,0
DA:36,1
LF:11
LH:10
BRDA:19,1,0,1
BRDA:19,1,1,2
BRDA:19,2,0,3
BRDA:19,2,1,3
BRF:4
BRH:4
end_of_record
TN:
SF:/home/mshameer/Projects/fr-webcms-components/src/SvgIcons/index.jsx
FN:7,(anonymous_1)
FN:29,_interopRequireDefault
FN:31,_objectWithoutProperties
FN:92,getDefaultProps
FN:93,defaultMouseHandler
FN:103,getInitialState
FN:109,getChildContext
FN:118,componentWillReceiveProps
FN:122,_handleMouseLeave
FN:126,_handleMouseEnter
FN:130,render
FNF:11
FNH:7
FNDA:0,(anonymous_1)
FNDA:5,_interopRequireDefault
FNDA:517,_objectWithoutProperties
FNDA:1,getDefaultProps
FNDA:0,defaultMouseHandler
FNDA:502,getInitialState
FNDA:517,getChildContext
FNDA:15,componentWillReceiveProps
FNDA:0,_handleMouseLeave
FNDA:0,_handleMouseEnter
FNDA:517,render
DA:3,1
DA:7,1
DA:9,1
DA:11,1
DA:13,1
DA:15,1
DA:17,1
DA:19,1
DA:21,1
DA:23,1
DA:25,1
DA:27,1
DA:29,5
DA:31,2629
DA:33,1
DA:93,1
DA:94,0
DA:97,1
DA:104,502
DA:110,517
DA:119,15
DA:120,15
DA:123,0
DA:124,0
DA:127,0
DA:128,0
DA:131,517
DA:132,517
DA:133,517
DA:134,517
DA:135,517
DA:136,517
DA:137,517
DA:138,517
DA:140,517
DA:142,517
DA:143,517
DA:144,517
DA:146,517
DA:157,517
DA:162,517
DA:173,1
LF:42
LH:37
BRDA:7,1,0,1
BRDA:7,1,1,0
BRDA:7,2,0,0
BRDA:7,2,1,0
BRDA:29,3,0,4
BRDA:29,3,1,1
BRDA:29,4,0,5
BRDA:29,4,1,5
BRDA:31,5,0,2553
BRDA:31,5,1,76
BRDA:31,6,0,0
BRDA:31,6,1,76
BRDA:106,7,0,1
BRDA:106,7,1,501
BRDA:119,8,0,0
BRDA:119,8,1,15
BRDA:142,9,0,435
BRDA:142,9,1,82
BRDA:142,10,0,517
BRDA:142,10,1,452
BRDA:143,11,0,10
BRDA:143,11,1,507
BRDA:144,12,0,0
BRDA:144,12,1,517
BRDA:154,13,0,0
BRDA:154,13,1,517
BRDA:157,14,0,0
BRDA:157,14,1,517
BRF:28
BRH:20
end_of_record
TN:
SF:/home/mshameer/Projects/fr-webcms-components/src/helpers/mixins/stylePropable.js
FN:19,_interopRequireDefault
FN:35,mergeStyles
FN:41,mergeAndPrefix
FN:53,prepareStyles
FNF:4
FNH:3
FNDA:3,_interopRequireDefault
FNDA:10,mergeStyles
FNDA:0,mergeAndPrefix
FNDA:517,prepareStyles
DA:3,1
DA:7,1
DA:9,1
DA:11,1
DA:13,1
DA:15,1
DA:17,1
DA:19,3
DA:28,1
DA:36,10
DA:42,0
DA:54,517
LF:12
LH:11
BRDA:19,1,0,2
BRDA:19,1,1,1
BRDA:19,2,0,3
BRDA:19,2,1,3
BRDA:54,3,0,517
BRDA:54,3,1,517
BRDA:54,3,2,0
BRDA:54,3,3,0
BRF:8
BRH:6
end_of_record
TN:
SF:/home/mshameer/Projects/fr-webcms-components/src/helpers/styles/transitions.js
FN:11,easeOut
FN:31,create
FNF:2
FNH:2
FNDA:517,easeOut
FNDA:517,create
DA:3,1
DA:6,1
DA:12,517
DA:13,517
DA:15,517
DA:16,517
DA:18,0
DA:19,0
DA:20,0
DA:21,0
DA:24,0
DA:26,517
DA:29,517
DA:32,517
DA:33,517
DA:34,517
DA:35,517
DA:37,517
LF:18
LH:13
BRDA:13,1,0,517
BRDA:13,1,1,517
BRDA:16,2,0,0
BRDA:16,2,1,517
BRDA:16,3,0,517
BRDA:16,3,1,0
BRDA:20,4,0,0
BRDA:20,4,1,0
BRDA:32,5,0,517
BRDA:32,5,1,517
BRDA:33,6,0,517
BRDA:33,6,1,517
BRDA:34,7,0,517
BRDA:34,7,1,517
BRDA:35,8,0,517
BRDA:35,8,1,0
BRF:16
BRH:11
end_of_record
TN:
SF:/home/mshameer/Projects/fr-webcms-components/src/SvgIcons/action/ActionMinus.jsx
FN:19,_interopRequireDefault
FN:27,render
FNF:2
FNH:2
FNDA:3,_interopRequireDefault
FNDA:8,render
DA:3,1
DA:7,1
DA:9,1
DA:11,1
DA:13,1
DA:15,1
DA:17,1
DA:19,3
DA:21,1
DA:28,8
DA:36,1
LF:11
LH:11
BRDA:19,1,0,1
BRDA:19,1,1,2
BRDA:19,2,0,3
BRDA:19,2,1,3
BRF:4
BRH:4
end_of_record
TN:
SF:/home/mshameer/Projects/fr-webcms-components/src/SvgIcons/action/ActionPlus.jsx
FN:19,_interopRequireDefault
FN:27,render
FNF:2
FNH:2
FNDA:3,_interopRequireDefault
FNDA:12,render
DA:3,1
DA:7,1
DA:9,1
DA:11,1
DA:13,1
DA:15,1
DA:17,1
DA:19,3
DA:21,1
DA:28,12
DA:36,1
LF:11
LH:11
BRDA:19,1,0,1
BRDA:19,1,1,2
BRDA:19,2,0,3
BRDA:19,2,1,3
BRF:4
BRH:4
end_of_record
TN:
SF:/home/mshameer/Projects/fr-webcms-components/src/SvgIcons/action/ActionSearch.jsx
FN:19,_interopRequireDefault
FN:27,render
FNF:2
FNH:2
FNDA:3,_interopRequireDefault
FNDA:2,render
DA:3,1
DA:7,1
DA:9,1
DA:11,1
DA:13,1
DA:15,1
DA:17,1
DA:19,3
DA:21,1
DA:28,2
DA:29,2
DA:30,2
DA:31,2
DA:32,2
DA:40,1
LF:15
LH:15
BRDA:19,1,0,1
BRDA:19,1,1,2
BRDA:19,2,0,3
BRDA:19,2,1,3
BRF:4
BRH:4
end_of_record
TN:
SF:/home/mshameer/Projects/fr-webcms-components/src/SvgIcons/action/AddFavoriteBorder.jsx
FN:19,_interopRequireDefault
FN:27,render
FNF:2
FNH:2
FNDA:3,_interopRequireDefault
FNDA:33,render
DA:3,1
DA:7,1
DA:9,1
DA:11,1
DA:13,1
DA:15,1
DA:17,1
DA:19,3
DA:21,1
DA:28,33
DA:29,33
DA:30,33
DA:31,33
DA:32,33
DA:33,33
DA:34,33
DA:35,33
DA:43,1
LF:18
LH:18
BRDA:19,1,0,1
BRDA:19,1,1,2
BRDA:19,2,0,3
BRDA:19,2,1,3
BRF:4
BRH:4
end_of_record
TN:
SF:/home/mshameer/Projects/fr-webcms-components/src/SvgIcons/action/CloseIcon.jsx
FN:21,_interopRequireDefault
FN:23,_taggedTemplateLiteral
FN:31,render
FNF:3
FNH:3
FNDA:3,_interopRequireDefault
FNDA:1,_taggedTemplateLiteral
FNDA:328,render
DA:3,1
DA:7,1
DA:9,1
DA:11,1
DA:13,1
DA:15,1
DA:17,1
DA:19,1
DA:21,3
DA:23,1
DA:25,1
DA:32,328
DA:33,328
DA:41,1
LF:14
LH:14
BRDA:21,1,0,1
BRDA:21,1,1,2
BRDA:21,2,0,3
BRDA:21,2,1,3
BRF:4
BRH:4
end_of_record
TN:
SF:/home/mshameer/Projects/fr-webcms-components/src/SvgIcons/action/Favorite.jsx
FN:19,_interopRequireDefault
FN:27,render
FNF:2
FNH:2
FNDA:3,_interopRequireDefault
FNDA:2,render
DA:3,1
DA:7,1
DA:9,1
DA:11,1
DA:13,1
DA:15,1
DA:17,1
DA:19,3
DA:21,1
DA:28,2
DA:36,1
LF:11
LH:11
BRDA:19,1,0,1
BRDA:19,1,1,2
BRDA:19,2,0,3
BRDA:19,2,1,3
BRF:4
BRH:4
end_of_record
TN:
SF:/home/mshameer/Projects/fr-webcms-components/src/SvgIcons/action/grade.jsx
FN:19,_interopRequireDefault
FN:27,render
FNF:2
FNH:2
FNDA:3,_interopRequireDefault
FNDA:5,render
DA:3,1
DA:7,1
DA:9,1
DA:11,1
DA:13,1
DA:15,1
DA:17,1
DA:19,3
DA:21,1
DA:28,5
DA:36,1
LF:11
LH:11
BRDA:19,1,0,1
BRDA:19,1,1,2
BRDA:19,2,0,3
BRDA:19,2,1,3
BRF:4
BRH:4
end_of_record
TN:
SF:/home/mshameer/Projects/fr-webcms-components/src/SvgIcons/action/HalfStar.jsx
FN:19,_interopRequireDefault
FN:27,render
FNF:2
FNH:2
FNDA:3,_interopRequireDefault
FNDA:1,render
DA:3,1
DA:7,1
DA:9,1
DA:11,1
DA:13,1
DA:15,1
DA:17,1
DA:19,3
DA:21,1
DA:28,1
DA:29,1
DA:30,1
DA:31,1
DA:39,1
LF:14
LH:14
BRDA:19,1,0,1
BRDA:19,1,1,2
BRDA:19,2,0,3
BRDA:19,2,1,3
BRF:4
BRH:4
end_of_record
TN:
SF:/home/mshameer/Projects/fr-webcms-components/src/SvgIcons/action/Star.jsx
FN:19,_interopRequireDefault
FN:27,render
FNF:2
FNH:2
FNDA:3,_interopRequireDefault
FNDA:105,render
DA:3,1
DA:7,1
DA:9,1
DA:11,1
DA:13,1
DA:15,1
DA:17,1
DA:19,3
DA:21,1
DA:28,105
DA:29,105
DA:30,105
DA:38,1
LF:13
LH:13
BRDA:19,1,0,1
BRDA:19,1,1,2
BRDA:19,2,0,3
BRDA:19,2,1,3
BRF:4
BRH:4
end_of_record
TN:
SF:/home/mshameer/Projects/fr-webcms-components/src/SvgIcons/navigation/ArrowDropDown.jsx
FN:19,_interopRequireDefault
FN:27,render
FNF:2
FNH:2
FNDA:3,_interopRequireDefault
FNDA:2,render
DA:3,1
DA:7,1
DA:9,1
DA:11,1
DA:13,1
DA:15,1
DA:17,1
DA:19,3
DA:21,1
DA:28,2
DA:36,1
LF:11
LH:11
BRDA:19,1,0,1
BRDA:19,1,1,2
BRDA:19,2,0,3
BRDA:19,2,1,3
BRF:4
BRH:4
end_of_record
TN:
SF:/home/mshameer/Projects/fr-webcms-components/src/SvgIcons/navigation/ArrowDropUp.jsx
FN:19,_interopRequireDefault
FN:27,render
FNF:2
FNH:2
FNDA:3,_interopRequireDefault
FNDA:4,render
DA:3,1
DA:7,1
DA:9,1
DA:11,1
DA:13,1
DA:15,1
DA:17,1
DA:19,3
DA:21,1
DA:28,4
DA:36,1
LF:11
LH:11
BRDA:19,1,0,1
BRDA:19,1,1,2
BRDA:19,2,0,3
BRDA:19,2,1,3
BRF:4
BRH:4
end_of_record
TN:
SF:/home/mshameer/Projects/fr-webcms-components/src/SvgIcons/navigation/ChevronDown.jsx
FN:19,_interopRequireDefault
FN:27,render
FNF:2
FNH:2
FNDA:3,_interopRequireDefault
FNDA:10,render
DA:3,1
DA:7,1
DA:9,1
DA:11,1
DA:13,1
DA:15,1
DA:17,1
DA:19,3
DA:21,1
DA:28,10
DA:36,1
LF:11
LH:11
BRDA:19,1,0,1
BRDA:19,1,1,2
BRDA:19,2,0,3
BRDA:19,2,1,3
BRF:4
BRH:4
end_of_record
TN:
SF:/home/mshameer/Projects/fr-webcms-components/src/SvgIcons/navigation/NavigationClose.jsx
FN:19,_interopRequireDefault
FN:27,render
FNF:2
FNH:1
FNDA:3,_interopRequireDefault
FNDA:0,render
DA:3,1
DA:7,1
DA:9,1
DA:11,1
DA:13,1
DA:15,1
DA:17,1
DA:19,3
DA:21,1
DA:28,0
DA:29,0
DA:30,0
DA:38,1
LF:13
LH:10
BRDA:19,1,0,1
BRDA:19,1,1,2
BRDA:19,2,0,3
BRDA:19,2,1,3
BRF:4
BRH:4
end_of_record
TN:
SF:/home/mshameer/Projects/fr-webcms-components/src/SvgIcons/social/Instagram.js
FN:15,_interopRequireDefault
FN:27,Instagram
FNF:2
FNH:2
FNDA:2,_interopRequireDefault
FNDA:5,Instagram
DA:3,1
DA:7,1
DA:9,1
DA:11,1
DA:13,1
DA:15,2
DA:17,1
DA:18,1
DA:19,1
DA:20,1
DA:21,1
DA:22,1
DA:23,1
DA:24,1
DA:25,1
DA:27,1
DA:28,5
DA:115,1
LF:18
LH:18
BRDA:15,1,0,1
BRDA:15,1,1,1
BRDA:15,2,0,2
BRDA:15,2,1,2
BRF:4
BRH:4
end_of_record
TN:
SF:/home/mshameer/Projects/fr-webcms-components/src/core/Null/index.js
FN:7,(anonymous_1)
FN:7,defineProperties
FN:7,(anonymous_3)
FN:11,_classCallCheck
FN:13,_possibleConstructorReturn
FN:15,_inherits
FN:17,(anonymous_7)
FN:20,Null
FN:28,shouldComponentUpdate
FN:33,render
FNF:10
FNH:9
FNDA:1,(anonymous_1)
FNDA:1,defineProperties
FNDA:1,(anonymous_3)
FNDA:100,_classCallCheck
FNDA:100,_possibleConstructorReturn
FNDA:1,_inherits
FNDA:1,(anonymous_7)
FNDA:100,Null
FNDA:0,shouldComponentUpdate
FNDA:100,render
DA:3,1
DA:7,2
DA:9,1
DA:11,100
DA:13,100
DA:15,1
DA:17,1
DA:18,1
DA:20,1
DA:21,100
DA:23,100
DA:26,1
DA:29,0
DA:34,100
DA:38,1
DA:41,1
DA:42,1
LF:17
LH:16
BRDA:7,1,0,2
BRDA:7,1,1,2
BRDA:7,2,0,2
BRDA:7,2,1,0
BRDA:7,3,0,1
BRDA:7,3,1,0
BRDA:7,4,0,0
BRDA:7,4,1,1
BRDA:11,5,0,0
BRDA:11,5,1,100
BRDA:13,6,0,0
BRDA:13,6,1,100
BRDA:13,7,0,0
BRDA:13,7,1,100
BRDA:13,8,0,100
BRDA:13,8,1,0
BRDA:13,8,2,0
BRDA:15,9,0,0
BRDA:15,9,1,1
BRDA:15,10,0,1
BRDA:15,10,1,0
BRDA:15,11,0,1
BRDA:15,11,1,1
BRDA:15,12,0,1
BRDA:15,12,1,0
BRDA:15,13,0,1
BRDA:15,13,1,0
BRF:27
BRH:15
end_of_record
TN:
SF:/home/mshameer/Projects/fr-webcms-components/src/Heading/index.js
FN:30,_interopRequireDefault
FN:38,getRelevantContextKeys
FN:45,Heading
FN:91,onPress
FNF:4
FNH:3
FNDA:5,_interopRequireDefault
FNDA:108,getRelevantContextKeys
FNDA:108,Heading
FNDA:0,onPress
DA:3,1
DA:6,1
DA:8,1
DA:10,1
DA:12,1
DA:14,1
DA:16,1
DA:18,1
DA:20,1
DA:22,1
DA:24,1
DA:26,1
DA:28,1
DA:30,5
DA:32,1
DA:33,1
DA:34,1
DA:35,1
DA:38,1
DA:40,108
DA:45,1
DA:46,108
DA:47,108
DA:48,108
DA:49,108
DA:50,108
DA:51,108
DA:54,108
DA:56,108
DA:58,108
DA:61,108
DA:62,108
DA:63,108
DA:67,108
DA:74,108
DA:77,1
DA:86,1
DA:90,1
DA:92,0
DA:96,1
DA:97,1
LF:41
LH:40
BRDA:30,1,0,4
BRDA:30,1,1,1
BRDA:30,2,0,5
BRDA:30,2,1,5
BRDA:54,3,0,108
BRDA:54,3,1,108
BRDA:61,4,0,108
BRDA:61,4,1,2
BRDA:62,5,0,108
BRDA:62,5,1,108
BRF:10
BRH:10
end_of_record
TN:
SF:/home/mshameer/Projects/fr-webcms-components/src/Text/index.js
FN:7,(anonymous_1)
FN:7,defineProperties
FN:7,(anonymous_3)
FN:35,_interopRequireDefault
FN:37,_classCallCheck
FN:39,_possibleConstructorReturn
FN:41,_inherits
FN:52,(anonymous_8)
FN:55,Text
FN:66,(anonymous_10)
FN:73,componentDidMount
FN:78,render
FNF:12
FNH:12
FNDA:1,(anonymous_1)
FNDA:1,defineProperties
FNDA:1,(anonymous_3)
FNDA:6,_interopRequireDefault
FNDA:808,_classCallCheck
FNDA:1616,_possibleConstructorReturn
FNDA:1,_inherits
FNDA:1,(anonymous_8)
FNDA:808,Text
FNDA:1,(anonymous_10)
FNDA:808,componentDidMount
FNDA:1334,render
DA:3,1
DA:7,2
DA:9,1
DA:11,1
DA:13,1
DA:15,1
DA:17,1
DA:19,1
DA:21,1
DA:23,1
DA:25,1
DA:27,1
DA:29,1
DA:31,1
DA:33,1
DA:35,6
DA:37,808
DA:39,1616
DA:41,1
DA:43,1
DA:44,1
DA:45,1
DA:46,1
DA:48,1
DA:52,1
DA:53,1
DA:55,1
DA:56,808
DA:58,808
DA:60,808
DA:62,808
DA:63,2424
DA:66,808
DA:67,1
DA:71,1
DA:74,808
DA:79,1334
DA:80,1334
DA:81,1334
DA:82,1334
DA:83,1334
DA:84,1334
DA:85,1334
DA:88,1334
DA:89,1334
DA:91,1334
DA:92,1334
DA:94,1334
DA:108,1
DA:111,1
DA:127,1
DA:130,1
LF:52
LH:52
BRDA:7,1,0,2
BRDA:7,1,1,2
BRDA:7,2,0,2
BRDA:7,2,1,0
BRDA:7,3,0,1
BRDA:7,3,1,0
BRDA:7,4,0,0
BRDA:7,4,1,1
BRDA:35,5,0,5
BRDA:35,5,1,1
BRDA:35,6,0,6
BRDA:35,6,1,6
BRDA:37,7,0,0
BRDA:37,7,1,808
BRDA:39,8,0,0
BRDA:39,8,1,1616
BRDA:39,9,0,808
BRDA:39,9,1,808
BRDA:39,10,0,1616
BRDA:39,10,1,808
BRDA:39,10,2,0
BRDA:41,11,0,0
BRDA:41,11,1,1
BRDA:41,12,0,1
BRDA:41,12,1,0
BRDA:41,13,0,1
BRDA:41,13,1,1
BRDA:41,14,0,1
BRDA:41,14,1,0
BRDA:41,15,0,1
BRDA:41,15,1,0
BRDA:67,16,0,1
BRDA:67,16,1,0
BRDA:88,17,0,1334
BRDA:88,17,1,1334
BRDA:89,18,0,1334
BRDA:89,18,1,1334
BRDA:92,19,0,1334
BRDA:92,19,1,1326
BRDA:102,20,0,1
BRDA:102,20,1,1333
BRDA:103,21,0,88
BRDA:103,21,1,1246
BRF:43
BRH:32
end_of_record
TN:
SF:/home/mshameer/Projects/fr-webcms-components/src/AnchorButton/index.js
FN:21,_interopRequireDefault
FN:35,AnchorButton
FN:66,onClick
FNF:3
FNH:2
FNDA:3,_interopRequireDefault
FNDA:4,AnchorButton
FNDA:0,onClick
DA:3,1
DA:7,1
DA:9,1
DA:11,1
DA:13,1
DA:15,1
DA:17,1
DA:19,1
DA:21,3
DA:23,1
DA:24,1
DA:25,1
DA:28,1
DA:35,1
DA:36,4
DA:37,4
DA:38,4
DA:39,4
DA:40,4
DA:43,4
DA:45,4
DA:57,1
DA:65,1
DA:67,0
DA:71,1
LF:25
LH:24
BRDA:21,1,0,2
BRDA:21,1,1,1
BRDA:21,2,0,3
BRDA:21,2,1,3
BRF:4
BRH:4
end_of_record
TN:
SF:/home/mshameer/Projects/fr-webcms-components/src/core/GridCell/index.js
FN:7,(anonymous_1)
FN:7,defineProperties
FN:7,(anonymous_3)
FN:9,(anonymous_4)
FN:33,_interopRequireDefault
FN:35,_objectWithoutProperties
FN:37,_classCallCheck
FN:39,_possibleConstructorReturn
FN:41,_inherits
FN:52,getRelevantContextKeys
FN:57,getStyles
FN:81,(anonymous_12)
FN:84,GridCell
FN:92,componentDidMount
FN:97,render
FNF:15
FNH:14
FNDA:1,(anonymous_1)
FNDA:1,defineProperties
FNDA:1,(anonymous_3)
FNDA:0,(anonymous_4)
FNDA:5,_interopRequireDefault
FNDA:172,_objectWithoutProperties
FNDA:137,_classCallCheck
FNDA:137,_possibleConstructorReturn
FNDA:1,_inherits
FNDA:172,getRelevantContextKeys
FNDA:172,getStyles
FNDA:1,(anonymous_12)
FNDA:137,GridCell
FNDA:137,componentDidMount
FNDA:172,render
DA:3,1
DA:7,2
DA:9,1
DA:11,1
DA:13,1
DA:15,1
DA:17,1
DA:19,1
DA:21,1
DA:23,1
DA:25,1
DA:27,1
DA:29,1
DA:31,1
DA:33,5
DA:35,797
DA:37,137
DA:39,137
DA:41,1
DA:43,1
DA:44,1
DA:45,1
DA:46,1
DA:47,1
DA:48,1
DA:49,1
DA:52,1
DA:53,172
DA:54,172
DA:57,1
DA:58,172
DA:59,172
DA:61,172
DA:78,172
DA:81,1
DA:82,1
DA:84,1
DA:85,137
DA:87,137
DA:90,1
DA:93,137
DA:98,172
DA:99,172
DA:100,172
DA:101,172
DA:102,172
DA:103,172
DA:104,172
DA:106,172
DA:108,172
DA:111,172
DA:117,172
DA:119,172
DA:121,172
DA:122,172
DA:125,172
DA:126,172
DA:127,172
DA:129,172
DA:140,1
DA:143,1
DA:152,1
DA:156,1
DA:161,1
LF:64
LH:64
BRDA:7,1,0,2
BRDA:7,1,1,2
BRDA:7,2,0,2
BRDA:7,2,1,0
BRDA:7,3,0,1
BRDA:7,3,1,0
BRDA:7,4,0,0
BRDA:7,4,1,1
BRDA:9,5,0,1
BRDA:9,5,1,0
BRDA:9,6,0,0
BRDA:9,6,1,0
BRDA:33,7,0,4
BRDA:33,7,1,1
BRDA:33,8,0,5
BRDA:33,8,1,5
BRDA:35,9,0,731
BRDA:35,9,1,66
BRDA:35,10,0,0
BRDA:35,10,1,66
BRDA:37,11,0,0
BRDA:37,11,1,137
BRDA:39,12,0,0
BRDA:39,12,1,137
BRDA:39,13,0,0
BRDA:39,13,1,137
BRDA:39,14,0,137
BRDA:39,14,1,0
BRDA:39,14,2,0
BRDA:41,15,0,0
BRDA:41,15,1,1
BRDA:41,16,0,1
BRDA:41,16,1,0
BRDA:41,17,0,1
BRDA:41,17,1,1
BRDA:41,18,0,1
BRDA:41,18,1,0
BRDA:41,19,0,1
BRDA:41,19,1,0
BRDA:53,20,0,172
BRDA:53,20,1,172
BRDA:53,20,2,0
BRDA:117,21,0,172
BRDA:117,21,1,172
BRDA:127,22,0,172
BRDA:127,22,1,165
BRDA:127,22,2,0
BRDA:134,23,0,172
BRDA:134,23,1,0
BRF:49
BRH:30
end_of_record
TN:
SF:/home/mshameer/Projects/fr-webcms-components/src/helpers/configuration/configurationManager.js
FN:11,_interopRequireDefault
FNF:1
FNH:1
FNDA:1,_interopRequireDefault
DA:3,1
DA:7,1
DA:9,1
DA:11,1
DA:13,1
LF:5
LH:5
BRDA:11,1,0,1
BRDA:11,1,1,0
BRDA:11,2,0,1
BRDA:11,2,1,1
BRF:4
BRH:3
end_of_record
TN:
SF:/home/mshameer/Projects/fr-webcms-components/src/helpers/configuration/getMuiConfig.js
FN:17,_interopRequireDefault
FN:22,getMuiConfig
FN:26,getCompConfig
FNF:3
FNH:3
FNDA:2,_interopRequireDefault
FNDA:7,getMuiConfig
FNDA:404,getCompConfig
DA:3,1
DA:6,1
DA:7,1
DA:9,1
DA:11,1
DA:13,1
DA:15,1
DA:17,2
DA:22,1
DA:23,7
DA:26,1
DA:27,404
LF:12
LH:12
BRDA:17,1,0,1
BRDA:17,1,1,1
BRDA:17,2,0,2
BRDA:17,2,1,2
BRF:4
BRH:4
end_of_record
TN:
SF:/home/mshameer/Projects/fr-webcms-components/src/helpers/configuration/baseConfig.js
FNF:0
FNH:0
DA:3,1
DA:6,1
LF:2
LH:2
BRF:0
BRH:0
end_of_record
TN:
SF:/home/mshameer/Projects/fr-webcms-components/src/RollOverImage/index.js
FN:7,(anonymous_1)
FN:9,(anonymous_2)
FN:9,defineProperties
FN:9,(anonymous_4)
FN:27,_interopRequireDefault
FN:29,_objectWithoutProperties
FN:31,_classCallCheck
FN:33,_possibleConstructorReturn
FN:35,_inherits
FN:38,noop
FN:45,(anonymous_11)
FN:48,RollOverImage
FN:61,(anonymous_13)
FN:63,(anonymous_14)
FN:65,(anonymous_15)
FN:71,(anonymous_16)
FN:79,render
FNF:17
FNH:16
FNDA:0,(anonymous_1)
FNDA:1,(anonymous_2)
FNDA:1,defineProperties
FNDA:1,(anonymous_4)
FNDA:4,_interopRequireDefault
FNDA:35,_objectWithoutProperties
FNDA:23,_classCallCheck
FNDA:46,_possibleConstructorReturn
FNDA:1,_inherits
FNDA:7,noop
FNDA:1,(anonymous_11)
FNDA:23,RollOverImage
FNDA:23,(anonymous_13)
FNDA:2,(anonymous_14)
FNDA:3,(anonymous_15)
FNDA:3,(anonymous_16)
FNDA:35,render
DA:3,1
DA:7,1
DA:9,1
DA:11,1
DA:13,1
DA:15,1
DA:17,1
DA:19,1
DA:21,1
DA:23,1
DA:25,1
DA:27,4
DA:29,264
DA:31,23
DA:33,46
DA:35,1
DA:38,1
DA:39,7
DA:41,1
DA:42,1
DA:43,1
DA:45,1
DA:46,1
DA:48,1
DA:49,23
DA:51,23
DA:53,23
DA:55,23
DA:56,69
DA:59,23
DA:62,23
DA:64,2
DA:66,3
DA:67,3
DA:70,3
DA:72,3
DA:73,3
DA:77,1
DA:80,35
DA:81,35
DA:82,35
DA:83,35
DA:84,35
DA:85,35
DA:86,35
DA:87,35
DA:88,35
DA:89,35
DA:91,35
DA:93,35
DA:94,35
DA:95,7
DA:100,35
DA:101,35
DA:121,1
DA:124,1
DA:138,1
DA:143,1
LF:58
LH:58
BRDA:7,1,0,1
BRDA:7,1,1,0
BRDA:7,2,0,0
BRDA:7,2,1,0
BRDA:9,3,0,1
BRDA:9,3,1,1
BRDA:9,4,0,1
BRDA:9,4,1,0
BRDA:9,5,0,1
BRDA:9,5,1,0
BRDA:9,6,0,0
BRDA:9,6,1,1
BRDA:27,7,0,3
BRDA:27,7,1,1
BRDA:27,8,0,4
BRDA:27,8,1,4
BRDA:29,9,0,157
BRDA:29,9,1,107
BRDA:29,10,0,0
BRDA:29,10,1,107
BRDA:31,11,0,0
BRDA:31,11,1,23
BRDA:33,12,0,0
BRDA:33,12,1,46
BRDA:33,13,0,23
BRDA:33,13,1,23
BRDA:33,14,0,46
BRDA:33,14,1,23
BRDA:33,14,2,0
BRDA:35,15,0,0
BRDA:35,15,1,1
BRDA:35,16,0,1
BRDA:35,16,1,0
BRDA:35,17,0,1
BRDA:35,17,1,1
BRDA:35,18,0,1
BRDA:35,18,1,0
BRDA:35,19,0,1
BRDA:35,19,1,0
BRDA:66,20,0,3
BRDA:66,20,1,0
BRDA:94,21,0,7
BRDA:94,21,1,28
BRDA:100,22,0,3
BRDA:100,22,1,32
BRF:45
BRH:30
end_of_record
TN:
SF:/home/mshameer/Projects/fr-webcms-components/src/core/Image/index.js
FN:7,(anonymous_1)
FN:7,defineProperties
FN:7,(anonymous_3)
FN:9,(anonymous_4)
FN:17,_interopRequireDefault
FN:19,_classCallCheck
FN:21,_possibleConstructorReturn
FN:23,_inherits
FN:39,getMarkup
FN:86,(anonymous_10)
FN:89,Image
FN:100,(anonymous_12)
FN:102,(anonymous_13)
FN:109,render
FN:130,onLoad
FNF:15
FNH:14
FNDA:1,(anonymous_1)
FNDA:1,defineProperties
FNDA:1,(anonymous_3)
FNDA:0,(anonymous_4)
FNDA:1,_interopRequireDefault
FNDA:593,_classCallCheck
FNDA:1186,_possibleConstructorReturn
FNDA:1,_inherits
FNDA:622,getMarkup
FNDA:1,(anonymous_10)
FNDA:593,Image
FNDA:42,(anonymous_12)
FNDA:1,(anonymous_13)
FNDA:622,render
FNDA:39,onLoad
DA:3,1
DA:7,1
DA:9,1
DA:11,1
DA:13,1
DA:15,1
DA:17,1
DA:19,593
DA:21,1186
DA:23,1
DA:25,1
DA:26,1
DA:27,1
DA:28,1
DA:29,1
DA:30,1
DA:33,1
DA:39,1
DA:40,622
DA:41,622
DA:42,622
DA:43,622
DA:44,622
DA:45,622
DA:46,622
DA:47,622
DA:48,622
DA:51,622
DA:52,622
DA:55,622
DA:64,622
DA:65,622
DA:66,589
DA:67,589
DA:68,589
DA:77,33
DA:83,622
DA:86,1
DA:87,1
DA:89,1
DA:90,593
DA:92,593
DA:94,593
DA:96,593
DA:97,1779
DA:100,593
DA:101,42
DA:103,1
DA:107,1
DA:110,622
DA:114,1
DA:117,1
DA:128,1
DA:131,39
DA:135,1
LF:55
LH:55
BRDA:7,1,0,1
BRDA:7,1,1,1
BRDA:7,2,0,1
BRDA:7,2,1,0
BRDA:7,3,0,1
BRDA:7,3,1,0
BRDA:7,4,0,0
BRDA:7,4,1,1
BRDA:9,5,0,1
BRDA:9,5,1,0
BRDA:9,6,0,0
BRDA:9,6,1,0
BRDA:17,7,0,0
BRDA:17,7,1,1
BRDA:17,8,0,1
BRDA:17,8,1,1
BRDA:19,9,0,0
BRDA:19,9,1,593
BRDA:21,10,0,0
BRDA:21,10,1,1186
BRDA:21,11,0,593
BRDA:21,11,1,593
BRDA:21,12,0,1186
BRDA:21,12,1,593
BRDA:21,12,2,0
BRDA:23,13,0,0
BRDA:23,13,1,1
BRDA:23,14,0,1
BRDA:23,14,1,0
BRDA:23,15,0,1
BRDA:23,15,1,1
BRDA:23,16,0,1
BRDA:23,16,1,0
BRDA:23,17,0,1
BRDA:23,17,1,0
BRDA:51,18,0,622
BRDA:51,18,1,0
BRDA:51,19,0,622
BRDA:51,19,1,622
BRDA:65,20,0,589
BRDA:65,20,1,33
BRDA:101,21,0,42
BRDA:101,21,1,0
BRDA:103,22,0,1
BRDA:103,22,1,0
BRF:45
BRH:28
end_of_record
TN:
SF:/home/mshameer/Projects/fr-webcms-components/src/uniqlo/BackButton/index.js
FN:17,_interopRequireDefault
FN:61,BackButton
FN:80,(anonymous_3)
FN:128,onClick
FNF:4
FNH:3
FNDA:2,_interopRequireDefault
FNDA:4,BackButton
FNDA:12,(anonymous_3)
FNDA:0,onClick
DA:3,1
DA:7,1
DA:9,1
DA:11,1
DA:13,1
DA:15,1
DA:17,2
DA:19,1
DA:20,1
DA:21,1
DA:24,1
DA:59,1
DA:61,1
DA:62,4
DA:63,4
DA:64,4
DA:65,4
DA:66,4
DA:67,4
DA:68,4
DA:69,4
DA:72,4
DA:73,4
DA:74,4
DA:76,4
DA:77,4
DA:79,4
DA:80,4
DA:81,12
DA:82,12
DA:98,4
DA:114,1
DA:126,1
DA:129,0
DA:133,1
LF:35
LH:34
BRDA:17,1,0,1
BRDA:17,1,1,1
BRDA:17,2,0,2
BRDA:17,2,1,2
BRDA:84,3,0,8
BRDA:84,3,1,4
BRDA:90,4,0,12
BRDA:90,4,1,8
BRF:8
BRH:8
end_of_record
TN:
SF:/home/mshameer/Projects/fr-webcms-components/src/core/Badge/index.js
FN:7,(anonymous_1)
FN:7,defineProperties
FN:7,(anonymous_3)
FN:9,(anonymous_4)
FN:41,_interopRequireDefault
FN:43,_objectWithoutProperties
FN:45,_classCallCheck
FN:47,_possibleConstructorReturn
FN:49,_inherits
FN:58,getRelevantContextKeys
FN:67,setBadgeIconPosition
FN:98,getStyles
FN:125,(anonymous_13)
FN:128,Badge
FN:152,componentDidMount
FN:157,render
FNF:16
FNH:15
FNDA:1,(anonymous_1)
FNDA:1,defineProperties
FNDA:1,(anonymous_3)
FNDA:0,(anonymous_4)
FNDA:7,_interopRequireDefault
FNDA:12,_objectWithoutProperties
FNDA:6,_classCallCheck
FNDA:12,_possibleConstructorReturn
FNDA:1,_inherits
FNDA:30,getRelevantContextKeys
FNDA:6,setBadgeIconPosition
FNDA:12,getStyles
FNDA:1,(anonymous_13)
FNDA:6,Badge
FNDA:6,componentDidMount
FNDA:12,render
DA:3,1
DA:7,2
DA:9,1
DA:11,1
DA:13,1
DA:15,1
DA:17,1
DA:19,1
DA:21,1
DA:23,1
DA:25,1
DA:27,1
DA:29,1
DA:31,1
DA:33,1
DA:35,1
DA:37,1
DA:39,1
DA:41,7
DA:43,42
DA:45,6
DA:47,12
DA:49,1
DA:51,1
DA:52,1
DA:53,1
DA:54,1
DA:55,1
DA:58,1
DA:59,30
DA:60,30
DA:62,30
DA:63,30
DA:64,30
DA:67,1
DA:68,6
DA:69,6
DA:70,6
DA:72,6
DA:73,6
DA:76,6
DA:79,1
DA:80,1
DA:85,0
DA:86,0
DA:87,0
DA:93,5
DA:98,1
DA:99,12
DA:100,12
DA:125,1
DA:126,1
DA:128,1
DA:129,6
DA:131,6
DA:133,6
DA:135,6
DA:136,18
DA:139,6
DA:150,1
DA:153,6
DA:158,12
DA:159,12
DA:160,12
DA:161,12
DA:162,12
DA:163,12
DA:165,12
DA:167,12
DA:168,12
DA:169,12
DA:170,12
DA:171,12
DA:172,12
DA:173,2
DA:176,12
DA:196,1
DA:199,1
DA:208,1
DA:212,1
LF:80
LH:77
BRDA:7,1,0,2
BRDA:7,1,1,2
BRDA:7,2,0,2
BRDA:7,2,1,0
BRDA:7,3,0,1
BRDA:7,3,1,0
BRDA:7,4,0,0
BRDA:7,4,1,1
BRDA:9,5,0,1
BRDA:9,5,1,0
BRDA:9,6,0,0
BRDA:9,6,1,0
BRDA:41,7,0,6
BRDA:41,7,1,1
BRDA:41,8,0,7
BRDA:41,8,1,7
BRDA:43,9,0,28
BRDA:43,9,1,14
BRDA:43,10,0,0
BRDA:43,10,1,14
BRDA:45,11,0,0
BRDA:45,11,1,6
BRDA:47,12,0,0
BRDA:47,12,1,12
BRDA:47,13,0,6
BRDA:47,13,1,6
BRDA:47,14,0,12
BRDA:47,14,1,6
BRDA:47,14,2,0
BRDA:49,15,0,0
BRDA:49,15,1,1
BRDA:49,16,0,1
BRDA:49,16,1,0
BRDA:49,17,0,1
BRDA:49,17,1,1
BRDA:49,18,0,1
BRDA:49,18,1,0
BRDA:49,19,0,1
BRDA:49,19,1,0
BRDA:62,20,0,30
BRDA:62,20,1,30
BRDA:62,20,2,0
BRDA:63,21,0,30
BRDA:63,21,1,30
BRDA:63,21,2,0
BRDA:73,22,0,6
BRDA:73,22,1,5
BRDA:76,23,0,1
BRDA:76,23,1,0
BRDA:76,23,2,5
BRDA:76,23,3,5
BRDA:118,24,0,12
BRDA:118,24,1,0
BRDA:119,25,0,12
BRDA:119,25,1,0
BRDA:142,26,0,6
BRDA:142,26,1,6
BRDA:143,27,0,6
BRDA:143,27,1,6
BRDA:170,28,0,12
BRDA:170,28,1,8
BRDA:170,28,2,8
BRDA:172,29,0,2
BRDA:172,29,1,10
BRDA:172,30,0,12
BRDA:172,30,1,4
BRF:66
BRH:47
end_of_record
TN:
SF:/home/mshameer/Projects/fr-webcms-components/src/core/BreadCrumbs/BreadCrumb.js
FN:7,(anonymous_1)
FN:7,defineProperties
FN:7,(anonymous_3)
FN:27,_interopRequireDefault
FN:29,_objectWithoutProperties
FN:31,_classCallCheck
FN:33,_possibleConstructorReturn
FN:35,_inherits
FN:40,prepareStyle
FN:63,(anonymous_10)
FN:66,BreadCrumb
FN:79,(anonymous_12)
FN:81,(anonymous_13)
FN:88,render
FNF:14
FNH:14
FNDA:1,(anonymous_1)
FNDA:1,defineProperties
FNDA:1,(anonymous_3)
FNDA:4,_interopRequireDefault
FNDA:10,_objectWithoutProperties
FNDA:8,_classCallCheck
FNDA:16,_possibleConstructorReturn
FNDA:1,_inherits
FNDA:10,prepareStyle
FNDA:1,(anonymous_10)
FNDA:8,BreadCrumb
FNDA:1,(anonymous_12)
FNDA:1,(anonymous_13)
FNDA:10,render
DA:3,1
DA:7,1
DA:9,1
DA:11,1
DA:13,1
DA:15,1
DA:17,1
DA:19,1
DA:21,1
DA:23,1
DA:25,1
DA:27,4
DA:29,25
DA:31,8
DA:33,16
DA:35,1
DA:37,1
DA:38,1
DA:40,1
DA:41,10
DA:42,10
DA:43,10
DA:45,10
DA:46,10
DA:47,10
DA:57,10
DA:58,10
DA:59,10
DA:60,10
DA:63,1
DA:64,1
DA:66,1
DA:67,8
DA:69,8
DA:71,8
DA:73,8
DA:74,24
DA:77,8
DA:80,1
DA:82,1
DA:86,1
DA:89,10
DA:90,10
DA:91,10
DA:92,10
DA:93,10
DA:94,10
DA:96,10
DA:98,10
DA:100,10
DA:101,10
DA:104,10
DA:122,1
DA:125,1
DA:132,1
DA:135,1
LF:56
LH:56
BRDA:7,1,0,1
BRDA:7,1,1,1
BRDA:7,2,0,1
BRDA:7,2,1,0
BRDA:7,3,0,1
BRDA:7,3,1,0
BRDA:7,4,0,0
BRDA:7,4,1,1
BRDA:27,5,0,3
BRDA:27,5,1,1
BRDA:27,6,0,4
BRDA:27,6,1,4
BRDA:29,7,0,25
BRDA:29,7,1,0
BRDA:29,8,0,0
BRDA:29,8,1,0
BRDA:31,9,0,0
BRDA:31,9,1,8
BRDA:33,10,0,0
BRDA:33,10,1,16
BRDA:33,11,0,8
BRDA:33,11,1,8
BRDA:33,12,0,16
BRDA:33,12,1,8
BRDA:33,12,2,0
BRDA:35,13,0,0
BRDA:35,13,1,1
BRDA:35,14,0,1
BRDA:35,14,1,0
BRDA:35,15,0,1
BRDA:35,15,1,1
BRDA:35,16,0,1
BRDA:35,16,1,0
BRDA:35,17,0,1
BRDA:35,17,1,0
BRDA:45,18,0,10
BRDA:45,18,1,10
BRDA:45,18,2,0
BRDA:46,19,0,10
BRDA:46,19,1,0
BRDA:59,20,0,1
BRDA:59,20,1,9
BRDA:104,21,0,9
BRDA:104,21,1,1
BRF:44
BRH:29
end_of_record
TN:
SF:/home/mshameer/Projects/fr-webcms-components/src/core/BreadCrumbs/index.js
FN:16,_interopRequireDefault
FNF:1
FNH:1
FNDA:2,_interopRequireDefault
DA:3,1
DA:6,1
DA:8,1
DA:10,1
DA:12,1
DA:14,1
DA:16,2
DA:18,1
DA:19,1
LF:9
LH:9
BRDA:16,1,0,2
BRDA:16,1,1,0
BRDA:16,2,0,2
BRDA:16,2,1,2
BRF:4
BRH:3
end_of_record
TN:
SF:/home/mshameer/Projects/fr-webcms-components/src/core/BreadCrumbs/BreadCrumbs.js
FN:7,(anonymous_1)
FN:7,defineProperties
FN:7,(anonymous_3)
FN:27,_interopRequireDefault
FN:29,_classCallCheck
FN:31,_possibleConstructorReturn
FN:33,_inherits
FN:52,prepareStyle
FN:62,(anonymous_9)
FN:65,BreadCrumbs
FN:73,render
FN:84,(anonymous_12)
FNF:12
FNH:12
FNDA:1,(anonymous_1)
FNDA:1,defineProperties
FNDA:1,(anonymous_3)
FNDA:4,_interopRequireDefault
FNDA:4,_classCallCheck
FNDA:4,_possibleConstructorReturn
FNDA:1,_inherits
FNDA:4,prepareStyle
FNDA:1,(anonymous_9)
FNDA:4,BreadCrumbs
FNDA:4,render
FNDA:8,(anonymous_12)
DA:3,1
DA:7,1
DA:9,1
DA:11,1
DA:13,1
DA:15,1
DA:17,1
DA:19,1
DA:21,1
DA:23,1
DA:25,1
DA:27,4
DA:29,4
DA:31,4
DA:33,1
DA:35,1
DA:36,1
DA:37,1
DA:39,1
DA:52,1
DA:53,4
DA:54,4
DA:57,4
DA:58,4
DA:59,4
DA:62,1
DA:63,1
DA:65,1
DA:66,4
DA:68,4
DA:71,1
DA:74,4
DA:75,4
DA:76,4
DA:78,4
DA:80,4
DA:81,4
DA:84,4
DA:85,8
DA:90,8
DA:98,4
DA:106,1
DA:109,1
DA:115,1
DA:118,1
LF:45
LH:45
BRDA:7,1,0,1
BRDA:7,1,1,1
BRDA:7,2,0,1
BRDA:7,2,1,0
BRDA:7,3,0,1
BRDA:7,3,1,0
BRDA:7,4,0,0
BRDA:7,4,1,1
BRDA:27,5,0,3
BRDA:27,5,1,1
BRDA:27,6,0,4
BRDA:27,6,1,4
BRDA:29,7,0,0
BRDA:29,7,1,4
BRDA:31,8,0,0
BRDA:31,8,1,4
BRDA:31,9,0,0
BRDA:31,9,1,4
BRDA:31,10,0,4
BRDA:31,10,1,0
BRDA:31,10,2,0
BRDA:33,11,0,0
BRDA:33,11,1,1
BRDA:33,12,0,1
BRDA:33,12,1,0
BRDA:33,13,0,1
BRDA:33,13,1,1
BRDA:33,14,0,1
BRDA:33,14,1,0
BRDA:33,15,0,1
BRDA:33,15,1,0
BRDA:53,16,0,4
BRDA:53,16,1,4
BRDA:55,17,0,4
BRDA:55,17,1,4
BRDA:55,17,2,4
BRDA:85,18,0,4
BRDA:85,18,1,4
BRF:38
BRH:26
end_of_record
TN:
SF:/home/mshameer/Projects/fr-webcms-components/src/Button/index.js
FN:7,(anonymous_1)
FN:7,defineProperties
FN:7,(anonymous_3)
FN:35,_interopRequireDefault
FN:37,_objectWithoutProperties
FN:39,_classCallCheck
FN:41,_possibleConstructorReturn
FN:43,_inherits
FN:45,noop
FN:55,prepareStyle
FN:97,(anonymous_11)
FN:100,Button
FN:113,(anonymous_13)
FN:116,(anonymous_14)
FN:119,(anonymous_15)
FN:127,render
FNF:16
FNH:16
FNDA:1,(anonymous_1)
FNDA:1,defineProperties
FNDA:1,(anonymous_3)
FNDA:6,_interopRequireDefault
FNDA:176,_objectWithoutProperties
FNDA:147,_classCallCheck
FNDA:294,_possibleConstructorReturn
FNDA:1,_inherits
FNDA:1,noop
FNDA:176,prepareStyle
FNDA:1,(anonymous_11)
FNDA:147,Button
FNDA:3,(anonymous_13)
FNDA:3,(anonymous_14)
FNDA:8,(anonymous_15)
FNDA:176,render
DA:3,1
DA:7,1
DA:9,1
DA:11,1
DA:13,1
DA:15,1
DA:17,1
DA:19,1
DA:21,1
DA:23,1
DA:25,1
DA:27,1
DA:29,1
DA:31,1
DA:33,1
DA:35,6
DA:37,1298
DA:39,147
DA:41,294
DA:43,1
DA:45,1
DA:46,1
DA:48,1
DA:49,1
DA:50,1
DA:51,1
DA:52,1
DA:55,1
DA:56,176
DA:57,176
DA:58,176
DA:61,176
DA:62,176
DA:63,176
DA:64,176
DA:87,176
DA:88,176
DA:89,176
DA:90,0
DA:93,176
DA:94,176
DA:97,1
DA:98,1
DA:100,1
DA:101,147
DA:103,147
DA:105,147
DA:107,147
DA:108,441
DA:111,147
DA:114,3
DA:115,3
DA:117,3
DA:118,3
DA:120,8
DA:121,8
DA:125,1
DA:128,176
DA:129,176
DA:130,176
DA:131,176
DA:132,176
DA:133,176
DA:134,176
DA:135,176
DA:136,176
DA:137,176
DA:138,176
DA:140,176
DA:142,176
DA:144,176
DA:145,176
DA:146,176
DA:149,176
DA:155,176
DA:164,176
DA:169,176
DA:174,176
DA:179,176
DA:183,1
DA:186,1
DA:202,1
DA:208,1
LF:83
LH:82
BRDA:7,1,0,1
BRDA:7,1,1,1
BRDA:7,2,0,1
BRDA:7,2,1,0
BRDA:7,3,0,1
BRDA:7,3,1,0
BRDA:7,4,0,0
BRDA:7,4,1,1
BRDA:35,5,0,5
BRDA:35,5,1,1
BRDA:35,6,0,6
BRDA:35,6,1,6
BRDA:37,7,0,696
BRDA:37,7,1,602
BRDA:37,8,0,0
BRDA:37,8,1,602
BRDA:39,9,0,0
BRDA:39,9,1,147
BRDA:41,10,0,0
BRDA:41,10,1,294
BRDA:41,11,0,147
BRDA:41,11,1,147
BRDA:41,12,0,294
BRDA:41,12,1,147
BRDA:41,12,2,0
BRDA:43,13,0,0
BRDA:43,13,1,1
BRDA:43,14,0,1
BRDA:43,14,1,0
BRDA:43,15,0,1
BRDA:43,15,1,1
BRDA:43,16,0,1
BRDA:43,16,1,0
BRDA:43,17,0,1
BRDA:43,17,1,0
BRDA:61,18,0,176
BRDA:61,18,1,176
BRDA:62,19,0,176
BRDA:62,19,1,176
BRDA:62,19,2,0
BRDA:63,20,0,2
BRDA:63,20,1,174
BRDA:68,21,0,3
BRDA:68,21,1,173
BRDA:68,22,0,176
BRDA:68,22,1,3
BRDA:72,23,0,3
BRDA:72,23,1,173
BRDA:72,24,0,176
BRDA:72,24,1,3
BRDA:76,25,0,2
BRDA:76,25,1,174
BRDA:89,26,0,0
BRDA:89,26,1,176
BRDA:89,27,0,176
BRDA:89,27,1,39
BRDA:149,28,0,68
BRDA:149,28,1,108
BRDA:174,29,0,6
BRDA:174,29,1,170
BRF:60
BRH:47
end_of_record
TN:
SF:/home/mshameer/Projects/fr-webcms-components/src/ButtonTile/index.js
FN:7,(anonymous_1)
FN:7,defineProperties
FN:7,(anonymous_3)
FN:9,(anonymous_4)
FN:37,_interopRequireDefault
FN:39,_classCallCheck
FN:41,_possibleConstructorReturn
FN:43,_inherits
FN:51,getRelevantContextKeys
FN:88,(anonymous_10)
FN:91,ButtonTile
FN:99,componentDidMount
FN:104,render
FNF:13
FNH:12
FNDA:1,(anonymous_1)
FNDA:1,defineProperties
FNDA:1,(anonymous_3)
FNDA:0,(anonymous_4)
FNDA:6,_interopRequireDefault
FNDA:10,_classCallCheck
FNDA:10,_possibleConstructorReturn
FNDA:1,_inherits
FNDA:10,getRelevantContextKeys
FNDA:1,(anonymous_10)
FNDA:10,ButtonTile
FNDA:10,componentDidMount
FNDA:10,render
DA:3,1
DA:7,2
DA:9,1
DA:11,1
DA:13,1
DA:15,1
DA:17,1
DA:19,1
DA:21,1
DA:23,1
DA:25,1
DA:27,1
DA:29,1
DA:31,1
DA:33,1
DA:35,1
DA:37,6
DA:39,10
DA:41,10
DA:43,1
DA:45,1
DA:46,1
DA:47,1
DA:48,1
DA:51,1
DA:52,10
DA:53,10
DA:56,1
DA:88,1
DA:89,1
DA:91,1
DA:92,10
DA:94,10
DA:97,1
DA:100,10
DA:105,10
DA:106,10
DA:107,10
DA:108,10
DA:109,10
DA:110,10
DA:111,10
DA:112,10
DA:113,10
DA:116,10
DA:118,10
DA:120,10
DA:123,10
DA:125,10
DA:127,10
DA:128,10
DA:130,10
DA:131,10
DA:133,10
DA:153,1
DA:156,1
DA:166,1
DA:170,1
DA:173,1
LF:59
LH:59
BRDA:7,1,0,2
BRDA:7,1,1,2
BRDA:7,2,0,2
BRDA:7,2,1,0
BRDA:7,3,0,1
BRDA:7,3,1,0
BRDA:7,4,0,0
BRDA:7,4,1,1
BRDA:9,5,0,1
BRDA:9,5,1,0
BRDA:9,6,0,0
BRDA:9,6,1,0
BRDA:37,7,0,5
BRDA:37,7,1,1
BRDA:37,8,0,6
BRDA:37,8,1,6
BRDA:39,9,0,0
BRDA:39,9,1,10
BRDA:41,10,0,0
BRDA:41,10,1,10
BRDA:41,11,0,0
BRDA:41,11,1,10
BRDA:41,12,0,10
BRDA:41,12,1,0
BRDA:41,12,2,0
BRDA:43,13,0,0
BRDA:43,13,1,1
BRDA:43,14,0,1
BRDA:43,14,1,0
BRDA:43,15,0,1
BRDA:43,15,1,1
BRDA:43,16,0,1
BRDA:43,16,1,0
BRDA:43,17,0,1
BRDA:43,17,1,0
BRDA:52,18,0,10
BRDA:52,18,1,10
BRDA:52,18,2,0
BRDA:116,19,0,10
BRDA:116,19,1,10
BRDA:123,20,0,10
BRDA:123,20,1,8
BRDA:127,21,0,1
BRDA:127,21,1,9
BRF:44
BRH:28
end_of_record
TN:
SF:/home/mshameer/Projects/fr-webcms-components/src/ButtonTile/TileButton.js
FN:7,(anonymous_1)
FN:7,defineProperties
FN:7,(anonymous_3)
FN:9,(anonymous_4)
FN:37,_interopRequireDefault
FN:39,_classCallCheck
FN:41,_possibleConstructorReturn
FN:43,_inherits
FN:49,getRelevantContextKeys
FN:83,(anonymous_10)
FN:86,TileButton
FN:94,componentDidMount
FN:99,render
FNF:13
FNH:12
FNDA:1,(anonymous_1)
FNDA:1,defineProperties
FNDA:1,(anonymous_3)
FNDA:0,(anonymous_4)
FNDA:6,_interopRequireDefault
FNDA:15,_classCallCheck
FNDA:15,_possibleConstructorReturn
FNDA:1,_inherits
FNDA:15,getRelevantContextKeys
FNDA:1,(anonymous_10)
FNDA:15,TileButton
FNDA:15,componentDidMount
FNDA:15,render
DA:3,1
DA:7,2
DA:9,1
DA:11,1
DA:13,1
DA:15,1
DA:17,1
DA:19,1
DA:21,1
DA:23,1
DA:25,1
DA:27,1
DA:29,1
DA:31,1
DA:33,1
DA:35,1
DA:37,6
DA:39,15
DA:41,15
DA:43,1
DA:45,1
DA:46,1
DA:49,1
DA:50,15
DA:51,15
DA:54,1
DA:83,1
DA:84,1
DA:86,1
DA:87,15
DA:89,15
DA:92,1
DA:95,15
DA:100,15
DA:101,15
DA:102,15
DA:103,15
DA:104,15
DA:105,15
DA:106,15
DA:107,15
DA:110,15
DA:112,15
DA:114,15
DA:116,15
DA:118,15
DA:120,15
DA:135,1
DA:138,1
DA:146,1
DA:149,1
LF:51
LH:51
BRDA:7,1,0,2
BRDA:7,1,1,2
BRDA:7,2,0,2
BRDA:7,2,1,0
BRDA:7,3,0,1
BRDA:7,3,1,0
BRDA:7,4,0,0
BRDA:7,4,1,1
BRDA:9,5,0,1
BRDA:9,5,1,0
BRDA:9,6,0,0
BRDA:9,6,1,0
BRDA:37,7,0,5
BRDA:37,7,1,1
BRDA:37,8,0,6
BRDA:37,8,1,6
BRDA:39,9,0,0
BRDA:39,9,1,15
BRDA:41,10,0,0
BRDA:41,10,1,15
BRDA:41,11,0,0
BRDA:41,11,1,15
BRDA:41,12,0,15
BRDA:41,12,1,0
BRDA:41,12,2,0
BRDA:43,13,0,0
BRDA:43,13,1,1
BRDA:43,14,0,1
BRDA:43,14,1,0
BRDA:43,15,0,1
BRDA:43,15,1,1
BRDA:43,16,0,1
BRDA:43,16,1,0
BRDA:43,17,0,1
BRDA:43,17,1,0
BRDA:50,18,0,15
BRDA:50,18,1,15
BRDA:50,18,2,15
BRDA:110,19,0,15
BRDA:110,19,1,15
BRF:40
BRH:25
end_of_record
TN:
SF:/home/mshameer/Projects/fr-webcms-components/src/Carousel/index.js
FN:24,_interopRequireDefault
FNF:1
FNH:1
FNDA:4,_interopRequireDefault
DA:3,1
DA:6,1
DA:8,1
DA:10,1
DA:12,1
DA:14,1
DA:16,1
DA:18,1
DA:20,1
DA:22,1
DA:24,4
DA:26,1
DA:27,1
DA:28,1
DA:29,1
LF:15
LH:15
BRDA:24,1,0,4
BRDA:24,1,1,0
BRDA:24,2,0,4
BRDA:24,2,1,4
BRF:4
BRH:3
end_of_record
TN:
SF:/home/mshameer/Projects/fr-webcms-components/src/Carousel/Carousel.js
FN:7,(anonymous_1)
FN:9,(anonymous_2)
FN:9,defineProperties
FN:9,(anonymous_4)
FN:31,_interopRequireDefault
FN:33,_objectWithoutProperties
FN:35,_classCallCheck
FN:37,_possibleConstructorReturn
FN:39,_inherits
FN:70,(anonymous_10)
FN:73,Carousel
FN:89,(anonymous_12)
FN:96,(anonymous_13)
FN:116,componentWillMount
FN:120,(anonymous_15)
FN:132,componentWillReceiveProps
FN:141,shouldComponentUpdate
FN:150,initScroll
FN:174,renderChild
FN:198,(anonymous_20)
FN:248,renderArrowHead
FN:290,render
FN:336,(anonymous_23)
FN:337,(anonymous_24)
FN:340,(anonymous_25)
FNF:25
FNH:24
FNDA:0,(anonymous_1)
FNDA:1,(anonymous_2)
FNDA:1,defineProperties
FNDA:1,(anonymous_4)
FNDA:4,_interopRequireDefault
FNDA:278,_objectWithoutProperties
FNDA:35,_classCallCheck
FNDA:70,_possibleConstructorReturn
FNDA:1,_inherits
FNDA:1,(anonymous_10)
FNDA:35,Carousel
FNDA:2,(anonymous_12)
FNDA:2,(anonymous_13)
FNDA:35,componentWillMount
FNDA:102,(anonymous_15)
FNDA:1,componentWillReceiveProps
FNDA:207,shouldComponentUpdate
FNDA:103,initScroll
FNDA:139,renderChild
FNDA:572,(anonymous_20)
FNDA:139,renderArrowHead
FNDA:139,render
FNDA:107,(anonymous_23)
FNDA:99,(anonymous_24)
FNDA:103,(anonymous_25)
DA:3,1
DA:7,1
DA:9,7
DA:11,1
DA:13,1
DA:15,1
DA:17,1
DA:19,1
DA:21,1
DA:23,1
DA:25,1
DA:27,1
DA:29,1
DA:31,4
DA:33,2894
DA:35,35
DA:37,70
DA:39,1
DA:41,1
DA:42,1
DA:43,1
DA:44,1
DA:45,1
DA:46,1
DA:48,1
DA:70,1
DA:71,1
DA:73,1
DA:74,35
DA:76,35
DA:78,35
DA:80,35
DA:81,105
DA:84,35
DA:90,2
DA:92,2
DA:93,2
DA:94,2
DA:97,2
DA:98,2
DA:99,2
DA:100,2
DA:101,2
DA:102,2
DA:104,2
DA:105,2
DA:106,1
DA:107,1
DA:108,1
DA:114,1
DA:117,35
DA:119,35
DA:120,35
DA:121,102
DA:122,97
DA:125,35
DA:133,1
DA:134,1
DA:142,207
DA:143,1
DA:146,207
DA:151,103
DA:152,103
DA:153,103
DA:154,103
DA:155,103
DA:156,103
DA:157,103
DA:159,103
DA:160,103
DA:161,103
DA:162,103
DA:163,103
DA:164,103
DA:168,103
DA:169,34
DA:175,139
DA:177,139
DA:178,139
DA:179,139
DA:180,139
DA:181,139
DA:182,139
DA:183,139
DA:184,139
DA:185,139
DA:186,139
DA:187,139
DA:189,139
DA:191,139
DA:192,139
DA:193,139
DA:195,139
DA:196,139
DA:197,139
DA:198,139
DA:199,572
DA:200,572
DA:201,572
DA:204,572
DA:205,26
DA:210,26
DA:211,26
DA:213,546
DA:214,546
DA:215,546
DA:218,546
DA:228,546
DA:229,530
DA:231,16
DA:238,546
DA:241,139
DA:249,139
DA:250,139
DA:251,139
DA:252,139
DA:254,139
DA:255,122
DA:258,17
DA:259,17
DA:260,17
DA:261,17
DA:265,17
DA:269,17
DA:277,17
DA:278,17
DA:282,17
DA:283,17
DA:291,139
DA:293,139
DA:294,139
DA:295,139
DA:296,139
DA:297,139
DA:298,139
DA:299,139
DA:300,139
DA:301,139
DA:303,139
DA:305,139
DA:306,139
DA:307,139
DA:308,139
DA:311,139
DA:312,139
DA:313,139
DA:314,139
DA:315,139
DA:316,139
DA:317,126
DA:318,101
DA:325,25
DA:329,139
DA:330,1
DA:332,138
DA:335,139
DA:336,107
DA:337,107
DA:338,99
DA:340,107
DA:341,103
DA:348,139
DA:349,139
DA:359,1
DA:362,1
DA:405,1
DA:415,1
LF:167
LH:167
BRDA:7,1,0,1
BRDA:7,1,1,0
BRDA:7,2,0,0
BRDA:7,2,1,0
BRDA:9,3,0,7
BRDA:9,3,1,7
BRDA:9,4,0,7
BRDA:9,4,1,0
BRDA:9,5,0,1
BRDA:9,5,1,0
BRDA:9,6,0,0
BRDA:9,6,1,1
BRDA:31,7,0,3
BRDA:31,7,1,1
BRDA:31,8,0,4
BRDA:31,8,1,4
BRDA:33,9,0,2238
BRDA:33,9,1,656
BRDA:33,10,0,0
BRDA:33,10,1,656
BRDA:35,11,0,0
BRDA:35,11,1,35
BRDA:37,12,0,0
BRDA:37,12,1,70
BRDA:37,13,0,35
BRDA:37,13,1,35
BRDA:37,14,0,70
BRDA:37,14,1,35
BRDA:37,14,2,0
BRDA:39,15,0,0
BRDA:39,15,1,1
BRDA:39,16,0,1
BRDA:39,16,1,0
BRDA:39,17,0,1
BRDA:39,17,1,1
BRDA:39,18,0,1
BRDA:39,18,1,0
BRDA:39,19,0,1
BRDA:39,19,1,0
BRDA:85,20,0,35
BRDA:85,20,1,35
BRDA:93,21,0,2
BRDA:93,21,1,0
BRDA:93,22,0,2
BRDA:93,22,1,2
BRDA:104,23,0,2
BRDA:104,23,1,0
BRDA:104,24,0,2
BRDA:104,24,1,2
BRDA:105,25,0,1
BRDA:105,25,1,1
BRDA:107,26,0,1
BRDA:107,26,1,0
BRDA:121,27,0,97
BRDA:121,27,1,5
BRDA:133,28,0,1
BRDA:133,28,1,0
BRDA:142,29,0,1
BRDA:142,29,1,206
BRDA:146,30,0,207
BRDA:146,30,1,103
BRDA:161,31,0,4
BRDA:161,31,1,99
BRDA:162,32,0,1
BRDA:162,32,1,102
BRDA:163,33,0,24
BRDA:163,33,1,79
BRDA:168,34,0,34
BRDA:168,34,1,69
BRDA:204,35,0,26
BRDA:204,35,1,546
BRDA:214,36,0,546
BRDA:214,36,1,545
BRDA:221,37,0,2
BRDA:221,37,1,544
BRDA:222,38,0,0
BRDA:222,38,1,546
BRDA:228,39,0,530
BRDA:228,39,1,16
BRDA:254,40,0,122
BRDA:254,40,1,17
BRDA:316,41,0,126
BRDA:316,41,1,13
BRDA:317,42,0,101
BRDA:317,42,1,25
BRDA:329,43,0,1
BRDA:329,43,1,138
BRDA:335,44,0,107
BRDA:335,44,1,32
BRDA:335,45,0,139
BRDA:335,45,1,107
BRF:91
BRH:72
end_of_record
TN:
SF:/home/mshameer/Projects/fr-webcms-components/src/Carousel/CarouselHead.js
FN:7,(anonymous_1)
FN:9,(anonymous_2)
FN:9,defineProperties
FN:9,(anonymous_4)
FN:19,_interopRequireDefault
FN:21,_objectWithoutProperties
FN:23,_classCallCheck
FN:25,_possibleConstructorReturn
FN:27,_inherits
FN:66,(anonymous_10)
FN:69,CarouselHead
FN:91,componentWillReceiveProps
FN:100,handleClick
FN:110,render
FN:136,(anonymous_15)
FNF:15
FNH:14
FNDA:0,(anonymous_1)
FNDA:1,(anonymous_2)
FNDA:1,defineProperties
FNDA:1,(anonymous_4)
FNDA:1,_interopRequireDefault
FNDA:126,_objectWithoutProperties
FNDA:25,_classCallCheck
FNDA:50,_possibleConstructorReturn
FNDA:1,_inherits
FNDA:1,(anonymous_10)
FNDA:25,CarouselHead
FNDA:101,componentWillReceiveProps
FNDA:2,handleClick
FNDA:126,render
FNDA:50,(anonymous_15)
DA:3,1
DA:7,1
DA:9,3
DA:11,1
DA:13,1
DA:15,1
DA:17,1
DA:19,1
DA:21,552
DA:23,25
DA:25,50
DA:27,1
DA:29,1
DA:30,1
DA:31,1
DA:32,1
DA:35,1
DA:66,1
DA:67,1
DA:69,1
DA:70,25
DA:72,25
DA:74,25
DA:76,25
DA:77,75
DA:80,25
DA:85,1
DA:92,101
DA:94,101
DA:95,101
DA:101,2
DA:102,2
DA:103,2
DA:111,126
DA:113,126
DA:114,126
DA:115,126
DA:116,126
DA:117,126
DA:118,126
DA:119,126
DA:121,126
DA:123,126
DA:125,126
DA:127,126
DA:128,126
DA:129,126
DA:130,126
DA:131,126
DA:132,25
DA:133,25
DA:136,25
DA:137,50
DA:138,50
DA:139,50
DA:145,50
DA:146,25
DA:147,25
DA:155,50
DA:164,101
DA:165,101
DA:166,101
DA:167,467
DA:168,467
DA:169,467
DA:170,101
DA:173,467
DA:181,126
DA:189,1
DA:192,1
DA:214,1
LF:71
LH:71
BRDA:7,1,0,1
BRDA:7,1,1,0
BRDA:7,2,0,0
BRDA:7,2,1,0
BRDA:9,3,0,3
BRDA:9,3,1,3
BRDA:9,4,0,3
BRDA:9,4,1,0
BRDA:9,5,0,1
BRDA:9,5,1,0
BRDA:9,6,0,0
BRDA:9,6,1,1
BRDA:19,7,0,0
BRDA:19,7,1,1
BRDA:19,8,0,1
BRDA:19,8,1,1
BRDA:21,9,0,300
BRDA:21,9,1,252
BRDA:21,10,0,0
BRDA:21,10,1,252
BRDA:23,11,0,0
BRDA:23,11,1,25
BRDA:25,12,0,0
BRDA:25,12,1,50
BRDA:25,13,0,25
BRDA:25,13,1,25
BRDA:25,14,0,50
BRDA:25,14,1,25
BRDA:25,14,2,0
BRDA:27,15,0,0
BRDA:27,15,1,1
BRDA:27,16,0,1
BRDA:27,16,1,0
BRDA:27,17,0,1
BRDA:27,17,1,1
BRDA:27,18,0,1
BRDA:27,18,1,0
BRDA:27,19,0,1
BRDA:27,19,1,0
BRDA:94,20,0,101
BRDA:94,20,1,0
BRDA:94,21,0,101
BRDA:94,21,1,101
BRDA:131,22,0,25
BRDA:131,22,1,101
BRDA:145,23,0,25
BRDA:145,23,1,25
BRDA:164,24,0,101
BRDA:164,24,1,0
BRDA:164,25,0,101
BRDA:164,25,1,101
BRDA:169,26,0,101
BRDA:169,26,1,366
BRF:53
BRH:36
end_of_record
TN:
SF:/home/mshameer/Projects/fr-webcms-components/src/helpers/styles/index.js
FN:60,_interopRequireDefault
FNF:1
FNH:1
FNDA:13,_interopRequireDefault
DA:3,1
DA:6,1
DA:8,1
DA:10,1
DA:12,1
DA:14,1
DA:16,1
DA:18,1
DA:20,1
DA:22,1
DA:24,1
DA:26,1
DA:28,1
DA:30,1
DA:32,1
DA:34,1
DA:36,1
DA:38,1
DA:40,1
DA:42,1
DA:44,1
DA:46,1
DA:48,1
DA:50,1
DA:52,1
DA:54,1
DA:56,1
DA:58,1
DA:60,13
DA:62,1
DA:63,1
DA:64,1
DA:65,1
DA:66,1
DA:67,1
DA:68,1
DA:69,1
DA:70,1
DA:71,1
DA:72,1
DA:73,1
DA:74,1
LF:42
LH:42
BRDA:60,1,0,13
BRDA:60,1,1,0
BRDA:60,2,0,13
BRDA:60,2,1,13
BRF:4
BRH:3
end_of_record
TN:
SF:/home/mshameer/Projects/fr-webcms-components/src/helpers/styles/rawThemes/darkRawTheme.js
FN:11,_interopRequireDefault
FNF:1
FNH:1
FNDA:1,_interopRequireDefault
DA:3,1
DA:7,1
DA:9,1
DA:11,1
DA:13,1
LF:5
LH:5
BRDA:11,1,0,1
BRDA:11,1,1,0
BRDA:11,2,0,1
BRDA:11,2,1,1
BRF:4
BRH:3
end_of_record
TN:
SF:/home/mshameer/Projects/fr-webcms-components/src/helpers/styles/baseThemes/darkBaseTheme.js
FN:19,_interopRequireDefault
FNF:1
FNH:1
FNDA:3,_interopRequireDefault
DA:3,1
DA:7,1
DA:9,1
DA:11,1
DA:13,1
DA:15,1
DA:17,1
DA:19,3
DA:21,1
LF:9
LH:9
BRDA:19,1,0,3
BRDA:19,1,1,0
BRDA:19,2,0,3
BRDA:19,2,1,3
BRF:4
BRH:3
end_of_record
TN:
SF:/home/mshameer/Projects/fr-webcms-components/src/helpers/styles/themeDecorator.js
FN:7,(anonymous_1)
FN:7,defineProperties
FN:7,(anonymous_3)
FN:15,_interopRequireDefault
FN:17,_classCallCheck
FN:19,_possibleConstructorReturn
FN:21,_inherits
FN:23,themeDecorator
FN:25,decoratorAdditions
FN:26,(anonymous_10)
FN:29,DecoratorAdditions
FN:37,render
FN:45,getChildContext
FNF:13
FNH:2
FNDA:1,(anonymous_1)
FNDA:0,defineProperties
FNDA:0,(anonymous_3)
FNDA:1,_interopRequireDefault
FNDA:0,_classCallCheck
FNDA:0,_possibleConstructorReturn
FNDA:0,_inherits
FNDA:0,themeDecorator
FNDA:0,decoratorAdditions
FNDA:0,(anonymous_10)
FNDA:0,DecoratorAdditions
FNDA:0,render
FNDA:0,getChildContext
DA:3,1
DA:7,1
DA:9,1
DA:11,1
DA:13,1
DA:15,1
DA:17,1
DA:19,1
DA:21,1
DA:23,1
DA:25,0
DA:26,0
DA:27,0
DA:29,1
DA:30,0
DA:32,0
DA:35,0
DA:38,0
DA:42,0
DA:45,0
DA:46,0
DA:51,0
LF:22
LH:11
BRDA:7,1,0,0
BRDA:7,1,1,0
BRDA:7,2,0,0
BRDA:7,2,1,0
BRDA:7,3,0,0
BRDA:7,3,1,0
BRDA:7,4,0,0
BRDA:7,4,1,0
BRDA:15,5,0,0
BRDA:15,5,1,1
BRDA:15,6,0,1
BRDA:15,6,1,1
BRDA:17,7,0,0
BRDA:17,7,1,0
BRDA:19,8,0,0
BRDA:19,8,1,0
BRDA:19,9,0,0
BRDA:19,9,1,0
BRDA:19,10,0,0
BRDA:19,10,1,0
BRDA:19,10,2,0
BRDA:21,11,0,0
BRDA:21,11,1,0
BRDA:21,12,0,0
BRDA:21,12,1,0
BRDA:21,13,0,0
BRDA:21,13,1,0
BRDA:21,14,0,0
BRDA:21,14,1,0
BRDA:21,15,0,0
BRDA:21,15,1,0
BRF:31
BRH:3
end_of_record
TN:
SF:/home/mshameer/Projects/fr-webcms-components/src/Carousel/CarouselTile.js
FN:7,(anonymous_1)
FN:9,(anonymous_2)
FN:9,defineProperties
FN:9,(anonymous_4)
FN:17,_interopRequireDefault
FN:19,_objectWithoutProperties
FN:21,_classCallCheck
FN:23,_possibleConstructorReturn
FN:25,_inherits
FN:32,(anonymous_10)
FN:35,CarouselTile
FN:43,getStyles
FN:90,getCalculatedStyle
FN:150,render
FN:161,(anonymous_15)
FNF:15
FNH:14
FNDA:0,(anonymous_1)
FNDA:1,(anonymous_2)
FNDA:1,defineProperties
FNDA:1,(anonymous_4)
FNDA:1,_interopRequireDefault
FNDA:546,_objectWithoutProperties
FNDA:97,_classCallCheck
FNDA:97,_possibleConstructorReturn
FNDA:1,_inherits
FNDA:1,(anonymous_10)
FNDA:97,CarouselTile
FNDA:546,getStyles
FNDA:224,getCalculatedStyle
FNDA:546,render
FNDA:546,(anonymous_15)
DA:3,1
DA:7,1
DA:9,3
DA:11,1
DA:13,1
DA:15,1
DA:17,1
DA:19,5460
DA:21,97
DA:23,97
DA:25,1
DA:27,1
DA:28,1
DA:29,1
DA:30,1
DA:32,1
DA:33,1
DA:35,1
DA:36,97
DA:38,97
DA:41,1
DA:44,546
DA:45,546
DA:46,546
DA:47,546
DA:48,546
DA:49,546
DA:51,546
DA:52,546
DA:53,546
DA:54,79
DA:57,546
DA:66,546
DA:67,139
DA:75,546
DA:77,224
DA:78,224
DA:79,224
DA:81,25
DA:82,25
DA:85,546
DA:86,546
DA:91,224
DA:92,224
DA:93,224
DA:94,224
DA:95,224
DA:96,224
DA:98,224
DA:99,224
DA:100,224
DA:101,224
DA:102,224
DA:103,224
DA:104,224
DA:105,139
DA:108,224
DA:109,69
DA:112,224
DA:113,72
DA:114,72
DA:118,72
DA:119,46
DA:123,152
DA:124,29
DA:125,29
DA:129,29
DA:130,6
DA:134,123
DA:135,31
DA:136,31
DA:140,92
DA:141,8
DA:142,8
DA:151,546
DA:152,546
DA:153,546
DA:154,546
DA:155,546
DA:157,546
DA:159,546
DA:160,546
DA:161,546
DA:162,546
DA:163,546
DA:164,546
DA:167,546
DA:171,546
DA:179,1
DA:182,1
DA:214,1
DA:217,1
LF:92
LH:92
BRDA:7,1,0,1
BRDA:7,1,1,0
BRDA:7,2,0,0
BRDA:7,2,1,0
BRDA:9,3,0,3
BRDA:9,3,1,3
BRDA:9,4,0,3
BRDA:9,4,1,0
BRDA:9,5,0,1
BRDA:9,5,1,0
BRDA:9,6,0,0
BRDA:9,6,1,1
BRDA:17,7,0,0
BRDA:17,7,1,1
BRDA:17,8,0,1
BRDA:17,8,1,1
BRDA:19,9,0,2184
BRDA:19,9,1,3276
BRDA:19,10,0,0
BRDA:19,10,1,3276
BRDA:21,11,0,0
BRDA:21,11,1,97
BRDA:23,12,0,0
BRDA:23,12,1,97
BRDA:23,13,0,0
BRDA:23,13,1,97
BRDA:23,14,0,97
BRDA:23,14,1,0
BRDA:23,14,2,0
BRDA:25,15,0,0
BRDA:25,15,1,1
BRDA:25,16,0,1
BRDA:25,16,1,0
BRDA:25,17,0,1
BRDA:25,17,1,1
BRDA:25,18,0,1
BRDA:25,18,1,0
BRDA:25,19,0,1
BRDA:25,19,1,0
BRDA:66,20,0,139
BRDA:66,20,1,407
BRDA:75,21,0,224
BRDA:75,21,1,25
BRDA:75,21,2,297
BRDA:104,22,0,139
BRDA:104,22,1,85
BRDA:108,23,0,69
BRDA:108,23,1,155
BRDA:112,24,0,72
BRDA:112,24,1,152
BRDA:112,25,0,224
BRDA:112,25,1,99
BRDA:118,26,0,46
BRDA:118,26,1,26
BRDA:123,27,0,29
BRDA:123,27,1,123
BRDA:123,28,0,152
BRDA:123,28,1,98
BRDA:129,29,0,6
BRDA:129,29,1,23
BRDA:134,30,0,31
BRDA:134,30,1,92
BRDA:134,31,0,123
BRDA:134,31,1,56
BRDA:140,32,0,8
BRDA:140,32,1,84
BRF:66
BRH:49
end_of_record
TN:
SF:/home/mshameer/Projects/fr-webcms-components/src/Carousel/NavHead.js
FN:7,(anonymous_1)
FN:9,(anonymous_2)
FN:9,defineProperties
FN:9,(anonymous_4)
FN:17,_interopRequireDefault
FN:19,_objectWithoutProperties
FN:21,_classCallCheck
FN:23,_possibleConstructorReturn
FN:25,_inherits
FN:33,(anonymous_10)
FN:36,NavHead
FN:50,(anonymous_12)
FN:54,(anonymous_13)
FN:58,(anonymous_14)
FN:75,getStyles
FN:148,render
FNF:16
FNH:15
FNDA:0,(anonymous_1)
FNDA:1,(anonymous_2)
FNDA:1,defineProperties
FNDA:1,(anonymous_4)
FNDA:1,_interopRequireDefault
FNDA:43,_objectWithoutProperties
FNDA:37,_classCallCheck
FNDA:74,_possibleConstructorReturn
FNDA:1,_inherits
FNDA:1,(anonymous_10)
FNDA:37,NavHead
FNDA:1,(anonymous_12)
FNDA:1,(anonymous_13)
FNDA:4,(anonymous_14)
FNDA:43,getStyles
FNDA:43,render
DA:3,1
DA:7,1
DA:9,2
DA:11,1
DA:13,1
DA:15,1
DA:17,1
DA:19,301
DA:21,37
DA:23,74
DA:25,1
DA:27,1
DA:28,1
DA:29,1
DA:30,1
DA:31,1
DA:33,1
DA:34,1
DA:36,1
DA:37,37
DA:39,37
DA:41,37
DA:43,37
DA:44,111
DA:47,37
DA:51,1
DA:55,1
DA:59,4
DA:60,4
DA:61,4
DA:63,4
DA:64,4
DA:65,3
DA:67,1
DA:73,1
DA:76,43
DA:77,43
DA:78,43
DA:79,43
DA:80,43
DA:81,43
DA:82,43
DA:84,43
DA:85,43
DA:86,43
DA:87,43
DA:101,43
DA:102,1
DA:105,43
DA:106,1
DA:109,43
DA:111,2
DA:114,2
DA:116,2
DA:119,2
DA:121,18
DA:124,18
DA:125,18
DA:127,20
DA:130,20
DA:131,20
DA:135,1
DA:138,43
DA:139,38
DA:144,43
DA:149,43
DA:150,43
DA:151,43
DA:152,43
DA:153,43
DA:154,43
DA:155,43
DA:157,43
DA:159,43
DA:161,43
DA:162,43
DA:163,43
DA:164,43
DA:165,1
DA:166,1
DA:169,43
DA:170,43
DA:171,43
DA:183,1
DA:186,1
DA:212,1
DA:215,1
LF:87
LH:87
BRDA:7,1,0,1
BRDA:7,1,1,0
BRDA:7,2,0,0
BRDA:7,2,1,0
BRDA:9,3,0,2
BRDA:9,3,1,2
BRDA:9,4,0,2
BRDA:9,4,1,0
BRDA:9,5,0,1
BRDA:9,5,1,0
BRDA:9,6,0,0
BRDA:9,6,1,1
BRDA:17,7,0,0
BRDA:17,7,1,1
BRDA:17,8,0,1
BRDA:17,8,1,1
BRDA:19,9,0,183
BRDA:19,9,1,118
BRDA:19,10,0,0
BRDA:19,10,1,118
BRDA:21,11,0,0
BRDA:21,11,1,37
BRDA:23,12,0,0
BRDA:23,12,1,74
BRDA:23,13,0,37
BRDA:23,13,1,37
BRDA:23,14,0,74
BRDA:23,14,1,37
BRDA:23,14,2,0
BRDA:25,15,0,0
BRDA:25,15,1,1
BRDA:25,16,0,1
BRDA:25,16,1,0
BRDA:25,17,0,1
BRDA:25,17,1,1
BRDA:25,18,0,1
BRDA:25,18,1,0
BRDA:25,19,0,1
BRDA:25,19,1,0
BRDA:63,20,0,4
BRDA:63,20,1,0
BRDA:64,21,0,3
BRDA:64,21,1,1
BRDA:86,22,0,43
BRDA:86,22,1,7
BRDA:101,23,0,1
BRDA:101,23,1,42
BRDA:101,24,0,43
BRDA:101,24,1,5
BRDA:105,25,0,1
BRDA:105,25,1,42
BRDA:105,26,0,43
BRDA:105,26,1,1
BRDA:105,26,2,1
BRDA:109,27,0,2
BRDA:109,27,1,2
BRDA:109,27,2,18
BRDA:109,27,3,20
BRDA:109,27,4,1
BRDA:112,28,0,2
BRDA:112,28,1,2
BRDA:117,29,0,2
BRDA:117,29,1,2
BRDA:122,30,0,18
BRDA:122,30,1,1
BRDA:128,31,0,20
BRDA:128,31,1,0
BRDA:138,32,0,38
BRDA:138,32,1,5
BRDA:164,33,0,1
BRDA:164,33,1,42
BRF:71
BRH:54
end_of_record
TN:
SF:/home/mshameer/Projects/fr-webcms-components/src/core/CheckBox/index.js
FN:7,(anonymous_1)
FN:31,_interopRequireDefault
FN:33,_objectWithoutProperties
FN:42,prepareStyle
FN:54,CheckBox
FN:65,handleCheck
FN:115,onCheck
FNF:7
FNH:6
FNDA:0,(anonymous_1)
FNDA:5,_interopRequireDefault
FNDA:10,_objectWithoutProperties
FNDA:10,prepareStyle
FNDA:10,CheckBox
FNDA:2,handleCheck
FNDA:1,onCheck
DA:3,1
DA:7,1
DA:9,1
DA:11,1
DA:13,1
DA:15,1
DA:17,1
DA:19,1
DA:21,1
DA:23,1
DA:25,1
DA:27,1
DA:29,1
DA:31,5
DA:33,29
DA:35,1
DA:36,1
DA:37,1
DA:38,1
DA:39,1
DA:42,1
DA:43,10
DA:44,10
DA:45,10
DA:51,10
DA:54,1
DA:55,10
DA:56,10
DA:57,10
DA:58,10
DA:59,10
DA:60,10
DA:61,10
DA:63,10
DA:65,10
DA:66,2
DA:69,10
DA:70,10
DA:76,10
DA:85,10
DA:87,10
DA:100,1
DA:110,1
DA:114,1
DA:116,1
DA:121,1
LF:46
LH:46
BRDA:7,1,0,1
BRDA:7,1,1,0
BRDA:7,2,0,0
BRDA:7,2,1,0
BRDA:31,3,0,4
BRDA:31,3,1,1
BRDA:31,4,0,5
BRDA:31,4,1,5
BRDA:33,5,0,27
BRDA:33,5,1,2
BRDA:33,6,0,0
BRDA:33,6,1,2
BRDA:43,7,0,10
BRDA:43,7,1,10
BRDA:43,7,2,0
BRDA:44,8,0,10
BRDA:44,8,1,0
BRDA:48,9,0,1
BRDA:48,9,1,9
BRDA:70,10,0,3
BRDA:70,10,1,7
BRDA:87,11,0,1
BRDA:87,11,1,9
BRF:23
BRH:17
end_of_record
TN:
SF:/home/mshameer/Projects/fr-webcms-components/src/core/EnhancedSwitch/index.js
FN:7,(anonymous_1)
FN:9,(anonymous_2)
FN:9,defineProperties
FN:9,(anonymous_4)
FN:21,_interopRequireDefault
FN:23,_objectWithoutProperties
FN:25,_classCallCheck
FN:27,_possibleConstructorReturn
FN:29,_inherits
FN:36,(anonymous_10)
FN:39,EnhancedSwitch
FN:52,(anonymous_12)
FN:54,(anonymous_13)
FN:58,(anonymous_14)
FN:74,render
FN:118,onSwitch
FNF:16
FNH:14
FNDA:0,(anonymous_1)
FNDA:1,(anonymous_2)
FNDA:1,defineProperties
FNDA:1,(anonymous_4)
FNDA:2,_interopRequireDefault
FNDA:46,_objectWithoutProperties
FNDA:43,_classCallCheck
FNDA:86,_possibleConstructorReturn
FNDA:1,_inherits
FNDA:1,(anonymous_10)
FNDA:43,EnhancedSwitch
FNDA:43,(anonymous_12)
FNDA:2,(anonymous_13)
FNDA:5,(anonymous_14)
FNDA:46,render
FNDA:0,onSwitch
DA:3,1
DA:7,1
DA:9,1
DA:11,1
DA:13,1
DA:15,1
DA:17,1
DA:19,1
DA:21,2
DA:23,247
DA:25,43
DA:27,86
DA:29,1
DA:31,1
DA:32,1
DA:33,1
DA:34,1
DA:36,1
DA:37,1
DA:39,1
DA:40,43
DA:42,43
DA:44,43
DA:46,43
DA:47,129
DA:50,43
DA:53,43
DA:55,2
DA:56,2
DA:59,5
DA:60,5
DA:61,5
DA:62,5
DA:64,5
DA:65,5
DA:66,5
DA:67,1
DA:72,1
DA:75,46
DA:76,46
DA:77,46
DA:78,46
DA:79,46
DA:80,46
DA:81,46
DA:83,46
DA:85,46
DA:89,46
DA:100,46
DA:104,1
DA:107,1
DA:117,1
DA:119,0
DA:122,1
LF:54
LH:53
BRDA:7,1,0,1
BRDA:7,1,1,0
BRDA:7,2,0,0
BRDA:7,2,1,0
BRDA:9,3,0,1
BRDA:9,3,1,1
BRDA:9,4,0,1
BRDA:9,4,1,0
BRDA:9,5,0,1
BRDA:9,5,1,0
BRDA:9,6,0,0
BRDA:9,6,1,1
BRDA:21,7,0,0
BRDA:21,7,1,2
BRDA:21,8,0,2
BRDA:21,8,1,2
BRDA:23,9,0,196
BRDA:23,9,1,51
BRDA:23,10,0,0
BRDA:23,10,1,51
BRDA:25,11,0,0
BRDA:25,11,1,43
BRDA:27,12,0,0
BRDA:27,12,1,86
BRDA:27,13,0,43
BRDA:27,13,1,43
BRDA:27,14,0,86
BRDA:27,14,1,43
BRDA:27,14,2,0
BRDA:29,15,0,0
BRDA:29,15,1,1
BRDA:29,16,0,1
BRDA:29,16,1,0
BRDA:29,17,0,1
BRDA:29,17,1,1
BRDA:29,18,0,1
BRDA:29,18,1,0
BRDA:29,19,0,1
BRDA:29,19,1,0
BRDA:55,20,0,2
BRDA:55,20,1,0
BRDA:55,21,0,2
BRDA:55,21,1,2
BRDA:66,22,0,1
BRDA:66,22,1,4
BRDA:66,23,0,5
BRDA:66,23,1,1
BRDA:86,24,0,5
BRDA:86,24,1,41
BRF:49
BRH:33
end_of_record
TN:
SF:/home/mshameer/Projects/fr-webcms-components/src/Chip/index.js
FN:7,(anonymous_1)
FN:7,defineProperties
FN:7,(anonymous_3)
FN:23,_interopRequireDefault
FN:25,_objectWithoutProperties
FN:27,_classCallCheck
FN:29,_possibleConstructorReturn
FN:31,_inherits
FN:57,noop
FN:61,(anonymous_10)
FN:64,Chip
FN:77,(anonymous_12)
FN:80,(anonymous_13)
FN:82,(anonymous_14)
FN:94,(anonymous_15)
FN:98,(anonymous_16)
FN:105,render
FNF:17
FNH:17
FNDA:1,(anonymous_1)
FNDA:1,defineProperties
FNDA:1,(anonymous_3)
FNDA:3,_interopRequireDefault
FNDA:50,_objectWithoutProperties
FNDA:45,_classCallCheck
FNDA:90,_possibleConstructorReturn
FNDA:1,_inherits
FNDA:3,noop
FNDA:1,(anonymous_10)
FNDA:45,Chip
FNDA:2,(anonymous_12)
FNDA:50,(anonymous_13)
FNDA:332,(anonymous_14)
FNDA:3,(anonymous_15)
FNDA:1,(anonymous_16)
FNDA:50,render
DA:3,1
DA:7,1
DA:9,1
DA:11,1
DA:13,1
DA:15,1
DA:17,1
DA:19,1
DA:21,1
DA:23,3
DA:25,283
DA:27,45
DA:29,90
DA:31,1
DA:33,1
DA:34,1
DA:35,1
DA:36,1
DA:39,1
DA:57,1
DA:58,3
DA:61,1
DA:62,1
DA:64,1
DA:65,45
DA:67,45
DA:69,45
DA:71,45
DA:72,135
DA:75,45
DA:78,2
DA:79,2
DA:81,50
DA:82,50
DA:83,332
DA:84,332
DA:85,332
DA:93,50
DA:95,3
DA:96,3
DA:97,3
DA:99,1
DA:103,1
DA:106,50
DA:107,50
DA:108,50
DA:109,50
DA:110,50
DA:111,50
DA:112,50
DA:114,50
DA:116,50
DA:117,50
DA:118,50
DA:120,50
DA:141,1
DA:144,1
DA:156,1
DA:162,1
LF:59
LH:59
BRDA:7,1,0,1
BRDA:7,1,1,1
BRDA:7,2,0,1
BRDA:7,2,1,0
BRDA:7,3,0,1
BRDA:7,3,1,0
BRDA:7,4,0,0
BRDA:7,4,1,1
BRDA:23,5,0,2
BRDA:23,5,1,1
BRDA:23,6,0,3
BRDA:23,6,1,3
BRDA:25,7,0,83
BRDA:25,7,1,200
BRDA:25,8,0,0
BRDA:25,8,1,200
BRDA:27,9,0,0
BRDA:27,9,1,45
BRDA:29,10,0,0
BRDA:29,10,1,90
BRDA:29,11,0,45
BRDA:29,11,1,45
BRDA:29,12,0,90
BRDA:29,12,1,45
BRDA:29,12,2,0
BRDA:31,13,0,0
BRDA:31,13,1,1
BRDA:31,14,0,1
BRDA:31,14,1,0
BRDA:31,15,0,1
BRDA:31,15,1,1
BRDA:31,16,0,1
BRDA:31,16,1,0
BRDA:31,17,0,1
BRDA:31,17,1,0
BRDA:84,18,0,3
BRDA:84,18,1,329
BRF:37
BRH:26
end_of_record
TN:
SF:/home/mshameer/Projects/fr-webcms-components/src/Chip/ChipChild.js
FN:7,(anonymous_1)
FN:7,defineProperties
FN:7,(anonymous_3)
FN:35,_interopRequireDefault
FN:37,_objectWithoutProperties
FN:39,_classCallCheck
FN:41,_possibleConstructorReturn
FN:43,_inherits
FN:45,noop
FN:55,prepareStyle
FN:133,(anonymous_11)
FN:136,ChipChild
FN:153,(anonymous_13)
FN:159,(anonymous_14)
FN:179,(anonymous_15)
FN:191,render
FNF:16
FNH:16
FNDA:1,(anonymous_1)
FNDA:1,defineProperties
FNDA:1,(anonymous_3)
FNDA:6,_interopRequireDefault
FNDA:326,_objectWithoutProperties
FNDA:313,_classCallCheck
FNDA:626,_possibleConstructorReturn
FNDA:1,_inherits
FNDA:6,noop
FNDA:326,prepareStyle
FNDA:1,(anonymous_11)
FNDA:313,ChipChild
FNDA:3,(anonymous_13)
FNDA:2,(anonymous_14)
FNDA:1,(anonymous_15)
FNDA:326,render
DA:3,1
DA:7,1
DA:9,1
DA:11,1
DA:13,1
DA:15,1
DA:17,1
DA:19,1
DA:21,1
DA:23,1
DA:25,1
DA:27,1
DA:29,1
DA:31,1
DA:33,1
DA:35,6
DA:37,4212
DA:39,313
DA:41,626
DA:43,1
DA:45,1
DA:46,6
DA:49,1
DA:50,1
DA:51,1
DA:52,1
DA:53,1
DA:55,1
DA:56,326
DA:57,326
DA:58,326
DA:60,326
DA:61,326
DA:62,326
DA:125,326
DA:126,326
DA:127,326
DA:128,326
DA:129,326
DA:130,326
DA:133,1
DA:134,1
DA:136,1
DA:137,313
DA:139,313
DA:141,313
DA:143,313
DA:144,939
DA:147,313
DA:154,3
DA:155,3
DA:157,3
DA:158,3
DA:160,2
DA:161,2
DA:163,2
DA:164,2
DA:165,2
DA:166,2
DA:167,2
DA:168,2
DA:171,2
DA:177,2
DA:178,2
DA:180,1
DA:181,1
DA:183,1
DA:184,1
DA:185,1
DA:189,1
DA:192,326
DA:193,326
DA:194,326
DA:195,326
DA:196,326
DA:197,326
DA:198,326
DA:199,326
DA:200,326
DA:201,326
DA:203,326
DA:205,326
DA:207,326
DA:208,326
DA:209,326
DA:210,326
DA:211,326
DA:214,326
DA:216,326
DA:217,5
DA:220,326
DA:242,1
DA:245,1
DA:265,1
DA:268,1
DA:273,1
LF:96
LH:96
BRDA:7,1,0,1
BRDA:7,1,1,1
BRDA:7,2,0,1
BRDA:7,2,1,0
BRDA:7,3,0,1
BRDA:7,3,1,0
BRDA:7,4,0,0
BRDA:7,4,1,1
BRDA:35,5,0,5
BRDA:35,5,1,1
BRDA:35,6,0,6
BRDA:35,6,1,6
BRDA:37,7,0,1917
BRDA:37,7,1,2295
BRDA:37,8,0,0
BRDA:37,8,1,2295
BRDA:39,9,0,0
BRDA:39,9,1,313
BRDA:41,10,0,0
BRDA:41,10,1,626
BRDA:41,11,0,313
BRDA:41,11,1,313
BRDA:41,12,0,626
BRDA:41,12,1,313
BRDA:41,12,2,0
BRDA:43,13,0,0
BRDA:43,13,1,1
BRDA:43,14,0,1
BRDA:43,14,1,0
BRDA:43,15,0,1
BRDA:43,15,1,1
BRDA:43,16,0,1
BRDA:43,16,1,0
BRDA:43,17,0,1
BRDA:43,17,1,0
BRDA:60,18,0,326
BRDA:60,18,1,326
BRDA:61,19,0,326
BRDA:61,19,1,326
BRDA:61,19,2,0
BRDA:78,20,0,2
BRDA:78,20,1,324
BRDA:78,21,0,324
BRDA:78,21,1,324
BRDA:93,22,0,2
BRDA:93,22,1,324
BRDA:98,23,0,326
BRDA:98,23,1,326
BRDA:104,24,0,0
BRDA:104,24,1,326
BRDA:122,25,0,0
BRDA:122,25,1,326
BRDA:165,26,0,2
BRDA:165,26,1,0
BRDA:216,27,0,5
BRDA:216,27,1,321
BRDA:216,28,0,326
BRDA:216,28,1,324
BRF:58
BRH:43
end_of_record
TN:
SF:/home/mshameer/Projects/fr-webcms-components/src/uniqlo/Collage/index.js
FN:16,_interopRequireDefault
FNF:1
FNH:1
FNDA:2,_interopRequireDefault
DA:3,1
DA:6,1
DA:8,1
DA:10,1
DA:12,1
DA:14,1
DA:16,2
DA:18,1
DA:19,1
LF:9
LH:9
BRDA:16,1,0,2
BRDA:16,1,1,0
BRDA:16,2,0,2
BRDA:16,2,1,2
BRF:4
BRH:3
end_of_record
TN:
SF:/home/mshameer/Projects/fr-webcms-components/src/uniqlo/Collage/Collage.js
FN:25,_interopRequireDefault
FN:32,Collage
FN:42,(anonymous_3)
FNF:3
FNH:3
FNDA:4,_interopRequireDefault
FNDA:3,Collage
FNDA:9,(anonymous_3)
DA:3,1
DA:7,1
DA:9,1
DA:11,1
DA:13,1
DA:15,1
DA:17,1
DA:19,1
DA:21,1
DA:23,1
DA:25,4
DA:27,1
DA:28,1
DA:29,1
DA:32,1
DA:33,3
DA:34,3
DA:35,3
DA:36,3
DA:37,3
DA:40,3
DA:41,3
DA:42,3
DA:43,9
DA:44,3
DA:45,6
DA:46,3
DA:47,3
DA:53,3
DA:54,3
DA:55,3
DA:81,3
DA:82,3
DA:99,1
DA:107,1
DA:111,1
LF:36
LH:36
BRDA:25,1,0,3
BRDA:25,1,1,1
BRDA:25,2,0,4
BRDA:25,2,1,4
BRDA:43,3,0,3
BRDA:43,3,1,6
BRDA:45,4,0,3
BRDA:45,4,1,3
BRDA:53,5,0,3
BRDA:53,5,1,0
BRF:10
BRH:9
end_of_record
TN:
SF:/home/mshameer/Projects/fr-webcms-components/src/core/Swipable/index.js
FN:7,(anonymous_1)
FN:7,defineProperties
FN:7,(anonymous_3)
FN:27,_interopRequireDefault
FN:29,_classCallCheck
FN:31,_possibleConstructorReturn
FN:33,_inherits
FN:44,prepareStyle
FN:85,getNavigation
FN:124,selectIndex
FN:155,transformComponent
FN:200,(anonymous_12)
FN:203,Swipable
FN:214,(anonymous_14)
FN:227,(anonymous_15)
FN:230,(anonymous_16)
FN:232,(anonymous_17)
FN:236,(anonymous_18)
FN:238,(anonymous_19)
FN:248,(anonymous_20)
FN:250,(anonymous_21)
FN:257,render
FN:281,(anonymous_23)
FNF:23
FNH:20
FNDA:1,(anonymous_1)
FNDA:1,defineProperties
FNDA:1,(anonymous_3)
FNDA:4,_interopRequireDefault
FNDA:17,_classCallCheck
FNDA:34,_possibleConstructorReturn
FNDA:1,_inherits
FNDA:29,prepareStyle
FNDA:29,getNavigation
FNDA:17,selectIndex
FNDA:8,transformComponent
FNDA:1,(anonymous_12)
FNDA:17,Swipable
FNDA:17,(anonymous_14)
FNDA:17,(anonymous_15)
FNDA:0,(anonymous_16)
FNDA:4,(anonymous_17)
FNDA:8,(anonymous_18)
FNDA:4,(anonymous_19)
FNDA:0,(anonymous_20)
FNDA:0,(anonymous_21)
FNDA:29,render
FNDA:84,(anonymous_23)
DA:3,1
DA:7,1
DA:9,1
DA:11,1
DA:13,1
DA:15,1
DA:17,1
DA:19,1
DA:21,1
DA:23,1
DA:25,1
DA:27,4
DA:29,17
DA:31,34
DA:33,1
DA:35,1
DA:36,1
DA:37,1
DA:38,1
DA:39,1
DA:40,1
DA:42,1
DA:44,1
DA:45,29
DA:46,29
DA:47,29
DA:48,29
DA:49,29
DA:50,29
DA:51,29
DA:52,29
DA:54,29
DA:82,29
DA:85,1
DA:86,29
DA:87,29
DA:88,29
DA:89,29
DA:90,29
DA:92,29
DA:96,29
DA:104,29
DA:112,29
DA:113,29
DA:114,0
DA:117,29
DA:118,0
DA:121,29
DA:124,1
DA:125,17
DA:126,17
DA:127,17
DA:128,17
DA:129,17
DA:130,17
DA:131,39
DA:132,5
DA:135,39
DA:138,17
DA:139,17
DA:140,17
DA:142,17
DA:143,17
DA:144,17
DA:145,0
DA:146,0
DA:155,1
DA:156,8
DA:157,8
DA:158,8
DA:159,8
DA:160,8
DA:163,8
DA:164,8
DA:165,8
DA:166,8
DA:167,8
DA:168,8
DA:169,8
DA:170,8
DA:171,8
DA:172,8
DA:173,8
DA:174,4
DA:178,4
DA:179,0
DA:180,4
DA:181,4
DA:184,4
DA:185,4
DA:186,0
DA:187,4
DA:188,0
DA:191,4
DA:200,1
DA:201,1
DA:203,1
DA:204,17
DA:206,17
DA:208,17
DA:210,17
DA:211,51
DA:214,17
DA:215,17
DA:216,17
DA:217,17
DA:218,17
DA:219,17
DA:220,17
DA:228,17
DA:229,17
DA:231,0
DA:233,4
DA:234,0
DA:237,8
DA:239,4
DA:240,4
DA:241,4
DA:242,4
DA:249,0
DA:251,0
DA:255,1
DA:258,29
DA:260,29
DA:262,29
DA:263,29
DA:264,29
DA:267,29
DA:268,29
DA:269,29
DA:270,29
DA:271,29
DA:282,84
DA:299,1
DA:302,1
DA:315,1
DA:320,1
LF:137
LH:126
BRDA:7,1,0,1
BRDA:7,1,1,1
BRDA:7,2,0,1
BRDA:7,2,1,0
BRDA:7,3,0,1
BRDA:7,3,1,0
BRDA:7,4,0,0
BRDA:7,4,1,1
BRDA:27,5,0,2
BRDA:27,5,1,2
BRDA:27,6,0,4
BRDA:27,6,1,4
BRDA:29,7,0,0
BRDA:29,7,1,17
BRDA:31,8,0,0
BRDA:31,8,1,34
BRDA:31,9,0,17
BRDA:31,9,1,17
BRDA:31,10,0,34
BRDA:31,10,1,17
BRDA:31,10,2,0
BRDA:33,11,0,0
BRDA:33,11,1,1
BRDA:33,12,0,1
BRDA:33,12,1,0
BRDA:33,13,0,1
BRDA:33,13,1,1
BRDA:33,14,0,1
BRDA:33,14,1,0
BRDA:33,15,0,1
BRDA:33,15,1,0
BRDA:61,16,0,11
BRDA:61,16,1,18
BRDA:64,17,0,25
BRDA:64,17,1,4
BRDA:65,18,0,25
BRDA:65,18,1,4
BRDA:66,19,0,11
BRDA:66,19,1,18
BRDA:67,20,0,11
BRDA:67,20,1,18
BRDA:77,21,0,11
BRDA:77,21,1,18
BRDA:78,22,0,18
BRDA:78,22,1,11
BRDA:113,23,0,0
BRDA:113,23,1,29
BRDA:113,24,0,29
BRDA:113,24,1,0
BRDA:117,25,0,0
BRDA:117,25,1,29
BRDA:117,26,0,29
BRDA:117,26,1,0
BRDA:131,27,0,5
BRDA:131,27,1,34
BRDA:139,28,0,0
BRDA:139,28,1,17
BRDA:143,29,0,0
BRDA:143,29,1,17
BRDA:144,30,0,0
BRDA:144,30,1,17
BRDA:145,31,0,0
BRDA:145,31,1,0
BRDA:166,32,0,8
BRDA:166,32,1,8
BRDA:173,33,0,4
BRDA:173,33,1,4
BRDA:178,34,0,0
BRDA:178,34,1,4
BRDA:180,35,0,4
BRDA:180,35,1,0
BRDA:185,36,0,0
BRDA:185,36,1,4
BRDA:185,37,0,4
BRDA:185,37,1,0
BRDA:187,38,0,0
BRDA:187,38,1,4
BRDA:187,39,0,4
BRDA:187,39,1,4
BRDA:216,40,0,14
BRDA:216,40,1,3
BRDA:217,41,0,17
BRDA:217,41,1,15
BRDA:233,42,0,0
BRDA:233,42,1,4
BRDA:241,43,0,1
BRDA:241,43,1,3
BRDA:268,44,0,29
BRDA:268,44,1,0
BRF:89
BRH:63
end_of_record
TN:
SF:/home/mshameer/Projects/fr-webcms-components/src/core/Grid/index.js
FN:7,(anonymous_1)
FN:7,defineProperties
FN:7,(anonymous_3)
FN:9,(anonymous_4)
FN:41,_interopRequireDefault
FN:43,_objectWithoutProperties
FN:45,_classCallCheck
FN:47,_possibleConstructorReturn
FN:49,_inherits
FN:56,getRelevantContextKeys
FN:77,(anonymous_11)
FN:80,Grid
FN:88,componentDidMount
FN:93,render
FN:129,(anonymous_15)
FNF:15
FNH:14
FNDA:1,(anonymous_1)
FNDA:1,defineProperties
FNDA:1,(anonymous_3)
FNDA:0,(anonymous_4)
FNDA:7,_interopRequireDefault
FNDA:57,_objectWithoutProperties
FNDA:45,_classCallCheck
FNDA:45,_possibleConstructorReturn
FNDA:1,_inherits
FNDA:57,getRelevantContextKeys
FNDA:1,(anonymous_11)
FNDA:45,Grid
FNDA:45,componentDidMount
FNDA:57,render
FNDA:168,(anonymous_15)
DA:3,1
DA:7,2
DA:9,1
DA:11,1
DA:13,1
DA:15,1
DA:17,1
DA:19,1
DA:21,1
DA:23,1
DA:25,1
DA:27,1
DA:29,1
DA:31,1
DA:33,1
DA:35,1
DA:37,1
DA:39,1
DA:41,7
DA:43,238
DA:45,45
DA:47,45
DA:49,1
DA:51,1
DA:52,1
DA:53,1
DA:56,1
DA:57,57
DA:58,57
DA:59,57
DA:61,57
DA:67,1
DA:77,1
DA:78,1
DA:80,1
DA:81,45
DA:83,45
DA:86,1
DA:89,45
DA:94,57
DA:95,57
DA:96,57
DA:97,57
DA:98,57
DA:99,57
DA:100,57
DA:101,57
DA:103,57
DA:105,57
DA:106,57
DA:107,57
DA:110,57
DA:111,57
DA:113,57
DA:115,57
DA:116,57
DA:119,57
DA:121,57
DA:122,57
DA:124,57
DA:125,57
DA:127,57
DA:129,57
DA:131,168
DA:132,168
DA:134,168
DA:136,168
DA:142,168
DA:143,15
DA:148,168
DA:155,57
DA:165,1
DA:168,1
DA:178,1
DA:182,1
LF:75
LH:75
BRDA:7,1,0,2
BRDA:7,1,1,2
BRDA:7,2,0,2
BRDA:7,2,1,0
BRDA:7,3,0,1
BRDA:7,3,1,0
BRDA:7,4,0,0
BRDA:7,4,1,1
BRDA:9,5,0,1
BRDA:9,5,1,0
BRDA:9,6,0,0
BRDA:9,6,1,0
BRDA:41,7,0,6
BRDA:41,7,1,1
BRDA:41,8,0,7
BRDA:41,8,1,7
BRDA:43,9,0,197
BRDA:43,9,1,41
BRDA:43,10,0,0
BRDA:43,10,1,41
BRDA:45,11,0,0
BRDA:45,11,1,45
BRDA:47,12,0,0
BRDA:47,12,1,45
BRDA:47,13,0,0
BRDA:47,13,1,45
BRDA:47,14,0,45
BRDA:47,14,1,0
BRDA:47,14,2,0
BRDA:49,15,0,0
BRDA:49,15,1,1
BRDA:49,16,0,1
BRDA:49,16,1,0
BRDA:49,17,0,1
BRDA:49,17,1,1
BRDA:49,18,0,1
BRDA:49,18,1,0
BRDA:49,19,0,1
BRDA:49,19,1,0
BRDA:57,20,0,57
BRDA:57,20,1,57
BRDA:57,20,2,0
BRDA:58,21,0,57
BRDA:58,21,1,57
[...]
FN:7,(anonymous_1)
FN:7,defineProperties
FN:7,(anonymous_3)
FN:39,_interopRequireDefault
FN:41,_classCallCheck
FN:43,_possibleConstructorReturn
FN:45,_inherits
FN:98,(anonymous_8)
FN:101,SectionAnchorBarItem
FN:114,(anonymous_10)
FN:116,(anonymous_11)
FN:118,(anonymous_12)
FN:125,componentDidMount
FN:130,render
FNF:14
FNH:14
FNDA:1,(anonymous_1)
FNDA:1,defineProperties
FNDA:1,(anonymous_3)
FNDA:7,_interopRequireDefault
FNDA:8,_classCallCheck
FNDA:16,_possibleConstructorReturn
FNDA:1,_inherits
FNDA:1,(anonymous_8)
FNDA:8,SectionAnchorBarItem
FNDA:1,(anonymous_10)
FNDA:1,(anonymous_11)
FNDA:1,(anonymous_12)
FNDA:8,componentDidMount
FNDA:10,render
DA:3,1
DA:7,2
DA:9,1
DA:11,1
DA:13,1
DA:15,1
DA:17,1
DA:19,1
DA:21,1
DA:23,1
DA:25,1
DA:27,1
DA:29,1
DA:31,1
DA:33,1
DA:35,1
DA:37,1
DA:39,7
DA:41,8
DA:43,16
DA:45,1
DA:47,1
DA:48,1
DA:49,1
DA:52,1
DA:98,1
DA:99,1
DA:101,1
DA:102,8
DA:104,8
DA:106,8
DA:108,8
DA:109,24
DA:112,8
DA:115,1
DA:117,1
DA:119,1
DA:123,1
DA:126,8
DA:131,10
DA:132,10
DA:133,10
DA:134,10
DA:135,10
DA:136,10
DA:137,10
DA:138,10
DA:139,10
DA:142,10
DA:143,10
DA:145,10
DA:146,10
DA:148,10
DA:149,1
DA:150,1
DA:151,1
DA:153,9
DA:154,9
DA:155,9
DA:158,10
DA:159,10
DA:161,10
DA:187,1
DA:190,1
DA:210,1
DA:213,1
LF:66
LH:66
BRDA:7,1,0,2
BRDA:7,1,1,2
BRDA:7,2,0,2
BRDA:7,2,1,0
BRDA:7,3,0,1
BRDA:7,3,1,0
BRDA:7,4,0,0
BRDA:7,4,1,1
BRDA:39,5,0,6
BRDA:39,5,1,1
BRDA:39,6,0,7
BRDA:39,6,1,7
BRDA:41,7,0,0
BRDA:41,7,1,8
BRDA:43,8,0,0
BRDA:43,8,1,16
BRDA:43,9,0,8
BRDA:43,9,1,8
BRDA:43,10,0,16
BRDA:43,10,1,8
BRDA:43,10,2,0
BRDA:45,11,0,0
BRDA:45,11,1,1
BRDA:45,12,0,1
BRDA:45,12,1,0
BRDA:45,13,0,1
BRDA:45,13,1,1
BRDA:45,14,0,1
BRDA:45,14,1,0
BRDA:45,15,0,1
BRDA:45,15,1,0
BRDA:119,16,0,1
BRDA:119,16,1,0
BRDA:142,17,0,10
BRDA:142,17,1,10
BRDA:143,18,0,10
BRDA:143,18,1,10
BRDA:148,19,0,1
BRDA:148,19,1,9
BRDA:158,20,0,1
BRDA:158,20,1,9
BRF:41
BRH:30
end_of_record
TN:
SF:/home/mshameer/Projects/fr-webcms-components/src/uniqlo/SectionImage/index.js
FN:7,(anonymous_1)
FN:7,defineProperties
FN:7,(anonymous_3)
FN:19,_interopRequireDefault
FN:21,_classCallCheck
FN:23,_possibleConstructorReturn
FN:25,_inherits
FN:31,(anonymous_8)
FN:34,SectionImage
FN:42,render
FNF:10
FNH:10
FNDA:1,(anonymous_1)
FNDA:1,defineProperties
FNDA:1,(anonymous_3)
FNDA:2,_interopRequireDefault
FNDA:6,_classCallCheck
FNDA:6,_possibleConstructorReturn
FNDA:1,_inherits
FNDA:1,(anonymous_8)
FNDA:6,SectionImage
FNDA:6,render
DA:3,1
DA:7,1
DA:9,1
DA:11,1
DA:13,1
DA:15,1
DA:17,1
DA:19,2
DA:21,6
DA:23,6
DA:25,1
DA:27,1
DA:28,1
DA:29,1
DA:31,1
DA:32,1
DA:34,1
DA:35,6
DA:37,6
DA:40,1
DA:43,6
DA:44,6
DA:45,6
DA:46,6
DA:47,6
DA:48,6
DA:49,6
DA:50,6
DA:53,6
DA:60,6
DA:66,6
DA:78,1
DA:81,1
DA:92,1
LF:34
LH:34
BRDA:7,1,0,1
BRDA:7,1,1,1
BRDA:7,2,0,1
BRDA:7,2,1,0
BRDA:7,3,0,1
BRDA:7,3,1,0
BRDA:7,4,0,0
BRDA:7,4,1,1
BRDA:19,5,0,1
BRDA:19,5,1,1
BRDA:19,6,0,2
BRDA:19,6,1,2
BRDA:21,7,0,0
BRDA:21,7,1,6
BRDA:23,8,0,0
BRDA:23,8,1,6
BRDA:23,9,0,0
BRDA:23,9,1,6
BRDA:23,10,0,6
BRDA:23,10,1,0
BRDA:23,10,2,0
BRDA:25,11,0,0
BRDA:25,11,1,1
BRDA:25,12,0,1
BRDA:25,12,1,0
BRDA:25,13,0,1
BRDA:25,13,1,1
BRDA:25,14,0,1
BRDA:25,14,1,0
BRDA:25,15,0,1
BRDA:25,15,1,0
BRF:31
BRH:19
end_of_record
TN:
SF:/home/mshameer/Projects/fr-webcms-components/src/SectionTitle/index.js
FN:7,(anonymous_1)
FN:35,_interopRequireDefault
FN:37,_objectWithoutProperties
FN:46,getRelevantContextKeys
FN:75,getHeading
FN:119,SectionTitle
FNF:6
FNH:5
FNDA:0,(anonymous_1)
FNDA:6,_interopRequireDefault
FNDA:4,_objectWithoutProperties
FNDA:4,getRelevantContextKeys
FNDA:4,getHeading
FNDA:4,SectionTitle
DA:3,1
DA:7,1
DA:9,1
DA:11,1
DA:13,1
DA:15,1
DA:17,1
DA:19,1
DA:21,1
DA:23,1
DA:25,1
DA:27,1
DA:29,1
DA:31,1
DA:33,1
DA:35,6
DA:37,13
DA:42,1
DA:43,1
DA:46,1
DA:47,4
DA:52,1
DA:57,1
DA:62,1
DA:65,1
DA:70,1
DA:75,1
DA:76,4
DA:77,4
DA:78,4
DA:79,4
DA:80,4
DA:81,4
DA:84,4
DA:86,4
DA:87,4
DA:88,4
DA:90,4
DA:96,4
DA:116,4
DA:119,1
DA:120,4
DA:121,4
DA:122,4
DA:124,4
DA:126,4
DA:128,4
DA:130,4
DA:133,4
DA:134,4
DA:145,1
DA:158,1
DA:162,1
LF:53
LH:53
BRDA:7,1,0,1
BRDA:7,1,1,0
BRDA:7,2,0,0
BRDA:7,2,1,0
BRDA:35,3,0,5
BRDA:35,3,1,1
BRDA:35,4,0,6
BRDA:35,4,1,6
BRDA:37,5,0,2
BRDA:37,5,1,11
BRDA:37,6,0,0
BRDA:37,6,1,11
BRDA:84,7,0,3
BRDA:84,7,1,1
BRDA:116,8,0,2
BRDA:116,8,1,2
BRDA:116,9,0,4
BRDA:116,9,1,2
BRDA:116,9,2,2
BRDA:126,10,0,4
BRDA:126,10,1,4
BRF:21
BRH:17
end_of_record
TN:
SF:/home/mshameer/Projects/fr-webcms-components/src/Divider/index.jsx
FN:7,(anonymous_1)
FN:21,_interopRequireDefault
FN:23,_objectWithoutProperties
FN:40,Divider
FNF:4
FNH:3
FNDA:0,(anonymous_1)
FNDA:3,_interopRequireDefault
FNDA:2,_objectWithoutProperties
FNDA:2,Divider
DA:3,1
DA:7,1
DA:9,1
DA:11,1
DA:13,1
DA:15,1
DA:17,1
DA:19,1
DA:21,3
DA:23,6
DA:25,1
DA:26,1
DA:27,1
DA:30,1
DA:36,1
DA:40,1
DA:41,2
DA:42,2
DA:43,2
DA:45,2
DA:47,2
DA:56,2
DA:59,1
DA:60,1
DA:61,1
DA:62,1
DA:64,1
LF:27
LH:27
BRDA:7,1,0,1
BRDA:7,1,1,0
BRDA:7,2,0,0
BRDA:7,2,1,0
BRDA:21,3,0,2
BRDA:21,3,1,1
BRDA:21,4,0,3
BRDA:21,4,1,3
BRDA:23,5,0,6
BRDA:23,5,1,0
BRDA:23,6,0,0
BRDA:23,6,1,0
BRDA:50,7,0,0
BRDA:50,7,1,2
BRF:14
BRH:7
end_of_record
TN:
SF:/home/mshameer/Projects/fr-webcms-components/src/helpers/styles/uniThemeable.js
FN:7,(anonymous_1)
FN:23,_interopRequireDefault
FN:25,getDisplayName
FN:29,uniThemeable
FN:30,UniComponent
FNF:5
FNH:4
FNDA:0,(anonymous_1)
FNDA:3,_interopRequireDefault
FNDA:1,getDisplayName
FNDA:1,uniThemeable
FNDA:2,UniComponent
DA:3,1
DA:7,1
DA:9,1
DA:11,1
DA:13,1
DA:15,1
DA:17,1
DA:19,1
DA:21,1
DA:23,3
DA:25,1
DA:26,1
DA:29,1
DA:30,1
DA:31,2
DA:32,2
DA:34,2
DA:37,1
DA:38,1
DA:41,1
DA:45,1
LF:21
LH:21
BRDA:7,1,0,1
BRDA:7,1,1,0
BRDA:7,2,0,0
BRDA:7,2,1,0
BRDA:23,3,0,2
BRDA:23,3,1,1
BRDA:23,4,0,3
BRDA:23,4,1,3
BRDA:26,5,0,1
BRDA:26,5,1,0
BRDA:26,5,2,0
BRDA:32,6,0,2
BRDA:32,6,1,0
BRF:13
BRH:7
end_of_record
TN:
SF:/home/mshameer/Projects/fr-webcms-components/src/uniqlo/SocialMediaPost/index.js
FN:7,(anonymous_1)
FN:7,defineProperties
FN:7,(anonymous_3)
FN:41,_interopRequireDefault
FN:43,_classCallCheck
FN:45,_possibleConstructorReturn
FN:47,_inherits
FN:53,prepareStyles
FN:92,parseText
FN:96,(anonymous_10)
FN:103,(anonymous_11)
FN:111,(anonymous_12)
FN:123,processData
FN:143,getPostContent
FN:186,(anonymous_15)
FN:189,SocialMediaPost
FN:204,(anonymous_17)
FN:209,(anonymous_18)
FN:215,(anonymous_19)
FN:224,render
FNF:20
FNH:20
FNDA:1,(anonymous_1)
FNDA:1,defineProperties
FNDA:1,(anonymous_3)
FNDA:7,_interopRequireDefault
FNDA:4,_classCallCheck
FNDA:8,_possibleConstructorReturn
FNDA:1,_inherits
FNDA:4,prepareStyles
FNDA:3,parseText
FNDA:3,(anonymous_10)
FNDA:3,(anonymous_11)
FNDA:3,(anonymous_12)
FNDA:3,processData
FNDA:7,getPostContent
FNDA:1,(anonymous_15)
FNDA:4,SocialMediaPost
FNDA:4,(anonymous_17)
FNDA:4,(anonymous_18)
FNDA:3,(anonymous_19)
FNDA:7,render
DA:3,1
DA:7,1
DA:9,1
DA:11,1
DA:13,1
DA:15,1
DA:17,1
DA:19,1
DA:21,1
DA:23,1
DA:25,1
DA:27,1
DA:29,1
DA:31,1
DA:33,1
DA:35,1
DA:37,1
DA:39,1
DA:41,7
DA:43,4
DA:45,8
DA:47,1
DA:49,1
DA:50,1
DA:51,1
DA:53,1
DA:54,4
DA:78,4
DA:79,4
DA:80,4
DA:81,4
DA:82,4
DA:85,4
DA:86,4
DA:87,4
DA:88,4
DA:89,4
DA:92,1
DA:93,3
DA:94,3
DA:96,3
DA:97,3
DA:103,3
DA:104,3
DA:111,3
DA:112,3
DA:120,3
DA:123,1
DA:124,3
DA:125,3
DA:126,3
DA:127,2
DA:133,1
DA:134,1
DA:143,1
DA:144,7
DA:145,7
DA:146,7
DA:147,7
DA:148,7
DA:149,7
DA:150,7
DA:151,7
DA:152,7
DA:153,7
DA:154,7
DA:157,7
DA:158,7
DA:159,7
DA:160,2
DA:170,5
DA:171,5
DA:172,5
DA:183,7
DA:186,1
DA:187,1
DA:189,1
DA:190,4
DA:192,4
DA:194,4
DA:196,4
DA:197,12
DA:200,4
DA:205,4
DA:206,4
DA:207,4
DA:208,4
DA:210,4
DA:211,4
DA:212,4
DA:214,4
DA:215,3
DA:216,3
DA:222,1
DA:225,7
DA:226,7
DA:227,7
DA:228,7
DA:229,7
DA:230,7
DA:231,7
DA:232,7
DA:233,7
DA:235,7
DA:236,7
DA:237,7
DA:255,1
DA:258,1
DA:274,1
DA:278,1
DA:281,1
LF:111
LH:111
BRDA:7,1,0,1
BRDA:7,1,1,1
BRDA:7,2,0,1
BRDA:7,2,1,0
BRDA:7,3,0,1
BRDA:7,3,1,0
BRDA:7,4,0,0
BRDA:7,4,1,1
BRDA:41,5,0,6
BRDA:41,5,1,1
BRDA:41,6,0,7
BRDA:41,6,1,7
BRDA:43,7,0,0
BRDA:43,7,1,4
BRDA:45,8,0,0
BRDA:45,8,1,8
BRDA:45,9,0,4
BRDA:45,9,1,4
BRDA:45,10,0,8
BRDA:45,10,1,4
BRDA:45,10,2,0
BRDA:47,11,0,0
BRDA:47,11,1,1
BRDA:47,12,0,1
BRDA:47,12,1,0
BRDA:47,13,0,1
BRDA:47,13,1,1
BRDA:47,14,0,1
BRDA:47,14,1,0
BRDA:47,15,0,1
BRDA:47,15,1,0
BRDA:57,16,0,4
BRDA:57,16,1,0
BRDA:58,17,0,4
BRDA:58,17,1,4
BRDA:66,18,0,4
BRDA:66,18,1,0
BRDA:125,19,0,3
BRDA:125,19,1,0
BRDA:126,20,0,2
BRDA:126,20,1,1
BRDA:133,21,0,1
BRDA:133,21,1,0
BRDA:159,22,0,2
BRDA:159,22,1,5
BRDA:160,23,0,2
BRDA:160,23,1,0
BRDA:170,24,0,4
BRDA:170,24,1,1
BRDA:171,25,0,4
BRDA:171,25,1,1
BRDA:206,26,0,4
BRDA:206,26,1,4
BRDA:206,26,2,0
BRDA:207,27,0,4
BRDA:207,27,1,0
BRDA:214,28,0,3
BRDA:214,28,1,1
BRDA:236,29,0,6
BRDA:236,29,1,1
BRDA:237,30,0,4
BRDA:237,30,1,3
BRDA:237,31,0,7
BRDA:237,31,1,4
BRF:64
BRH:47
end_of_record
TN:
SF:/home/mshameer/Projects/fr-webcms-components/src/helpers/utils/reactStringReplace.js
FN:9,replaceString
FN:29,reactStringReplace
FN:31,(anonymous_3)
FNF:3
FNH:3
FNDA:18,replaceString
FNDA:9,reactStringReplace
FNDA:27,(anonymous_3)
DA:3,1
DA:7,1
DA:9,1
DA:10,18
DA:11,3
DA:12,15
DA:13,0
DA:16,15
DA:17,15
DA:18,0
DA:21,15
DA:22,15
DA:23,9
DA:26,15
DA:29,1
DA:30,9
DA:31,9
DA:32,27
DA:36,1
LF:19
LH:17
BRDA:10,1,0,3
BRDA:10,1,1,15
BRDA:12,2,0,0
BRDA:12,2,1,15
BRDA:12,3,0,15
BRDA:12,3,1,15
BRDA:17,4,0,0
BRDA:17,4,1,15
BRDA:30,5,0,3
BRDA:30,5,1,6
BRDA:32,6,0,18
BRDA:32,6,1,9
BRF:12
BRH:10
end_of_record
TN:
SF:/home/mshameer/Projects/fr-webcms-components/src/uniqlo/SwipableNav/index.js
FN:16,_interopRequireDefault
FNF:1
FNH:1
FNDA:2,_interopRequireDefault
DA:3,1
DA:6,1
DA:8,1
DA:10,1
DA:12,1
DA:14,1
DA:16,2
DA:18,1
DA:19,1
LF:9
LH:9
BRDA:16,1,0,2
BRDA:16,1,1,0
BRDA:16,2,0,2
BRDA:16,2,1,2
BRF:4
BRH:3
end_of_record
TN:
SF:/home/mshameer/Projects/fr-webcms-components/src/uniqlo/SwipableNav/SwipableNav.js
FN:15,_interopRequireDefault
FN:17,_objectWithoutProperties
FN:24,renderChildren
FN:25,(anonymous_4)
FN:34,SwipableNav
FNF:5
FNH:5
FNDA:2,_interopRequireDefault
FNDA:4,_objectWithoutProperties
FNDA:4,renderChildren
FNDA:9,(anonymous_4)
FNDA:4,SwipableNav
DA:3,1
DA:7,1
DA:9,1
DA:11,1
DA:13,1
DA:15,2
DA:17,13
DA:19,1
DA:20,1
DA:21,1
DA:24,1
DA:25,4
DA:26,9
DA:31,4
DA:34,1
DA:35,4
DA:36,4
DA:37,4
DA:38,4
DA:40,4
DA:42,4
DA:44,4
DA:51,1
DA:58,1
DA:63,1
LF:25
LH:25
BRDA:15,1,0,1
BRDA:15,1,1,1
BRDA:15,2,0,2
BRDA:15,2,1,2
BRDA:17,3,0,13
BRDA:17,3,1,0
BRDA:17,4,0,0
BRDA:17,4,1,0
BRDA:28,5,0,4
BRDA:28,5,1,5
BRF:10
BRH:7
end_of_record
TN:
SF:/home/mshameer/Projects/fr-webcms-components/src/uniqlo/SwipableNav/SwipableNavItem.js
FN:7,(anonymous_1)
FN:7,defineProperties
FN:7,(anonymous_3)
FN:27,_interopRequireDefault
FN:29,_classCallCheck
FN:31,_possibleConstructorReturn
FN:33,_inherits
FN:42,(anonymous_8)
FN:45,SwipableNavItem
FN:56,(anonymous_10)
FN:60,(anonymous_11)
FN:71,render
FN:111,onPress
FNF:13
FNH:12
FNDA:1,(anonymous_1)
FNDA:1,defineProperties
FNDA:1,(anonymous_3)
FNDA:4,_interopRequireDefault
FNDA:9,_classCallCheck
FNDA:18,_possibleConstructorReturn
FNDA:1,_inherits
FNDA:1,(anonymous_8)
FNDA:9,SwipableNavItem
FNDA:9,(anonymous_10)
FNDA:1,(anonymous_11)
FNDA:9,render
FNDA:0,onPress
DA:3,1
DA:7,1
DA:9,1
DA:11,1
DA:13,1
DA:15,1
DA:17,1
DA:19,1
DA:21,1
DA:23,1
DA:25,1
DA:27,4
DA:29,9
DA:31,18
DA:33,1
DA:35,1
DA:36,1
DA:37,1
DA:38,1
DA:39,1
DA:40,1
DA:42,1
DA:43,1
DA:45,1
DA:46,9
DA:48,9
DA:50,9
DA:52,9
DA:53,27
DA:56,9
DA:57,9
DA:58,9
DA:59,9
DA:61,1
DA:62,1
DA:63,1
DA:65,1
DA:69,1
DA:72,9
DA:73,9
DA:74,9
DA:75,9
DA:76,9
DA:77,9
DA:78,9
DA:80,9
DA:81,9
DA:82,9
DA:83,9
DA:84,9
DA:97,1
DA:100,1
DA:110,1
DA:112,0
DA:117,1
LF:55
LH:54
BRDA:7,1,0,1
BRDA:7,1,1,1
BRDA:7,2,0,1
BRDA:7,2,1,0
BRDA:7,3,0,1
BRDA:7,3,1,0
BRDA:7,4,0,0
BRDA:7,4,1,1
BRDA:27,5,0,3
BRDA:27,5,1,1
BRDA:27,6,0,4
BRDA:27,6,1,4
BRDA:29,7,0,0
BRDA:29,7,1,9
BRDA:31,8,0,0
BRDA:31,8,1,18
BRDA:31,9,0,9
BRDA:31,9,1,9
BRDA:31,10,0,18
BRDA:31,10,1,9
BRDA:31,10,2,0
BRDA:33,11,0,0
BRDA:33,11,1,1
BRDA:33,12,0,1
BRDA:33,12,1,0
BRDA:33,13,0,1
BRDA:33,13,1,1
BRDA:33,14,0,1
BRDA:33,14,1,0
BRDA:33,15,0,1
BRDA:33,15,1,0
BRDA:58,16,0,9
BRDA:58,16,1,9
BRDA:58,16,2,0
BRDA:59,17,0,9
BRDA:59,17,1,0
BRDA:83,18,0,4
BRDA:83,18,1,5
BRF:38
BRH:26
end_of_record
TN:
SF:/home/mshameer/Projects/fr-webcms-components/src/TabbedCarousel/index.js
FN:7,(anonymous_1)
FN:7,defineProperties
FN:7,(anonymous_3)
FN:13,_interopRequireDefault
FN:15,_classCallCheck
FN:17,_possibleConstructorReturn
FN:19,_inherits
FN:25,(anonymous_8)
FN:28,TabbedCarousel
FN:41,(anonymous_10)
FN:52,renderChild
FN:75,(anonymous_12)
FN:104,render
FNF:13
FNH:13
FNDA:1,(anonymous_1)
FNDA:1,defineProperties
FNDA:1,(anonymous_3)
FNDA:1,_interopRequireDefault
FNDA:6,_classCallCheck
FNDA:12,_possibleConstructorReturn
FNDA:1,_inherits
FNDA:1,(anonymous_8)
FNDA:6,TabbedCarousel
FNDA:2,(anonymous_10)
FNDA:7,renderChild
FNDA:15,(anonymous_12)
FNDA:7,render
DA:3,1
DA:7,2
DA:9,1
DA:11,1
DA:13,1
DA:15,6
DA:17,12
DA:19,1
DA:21,1
DA:22,1
DA:23,1
DA:25,1
DA:26,1
DA:28,1
DA:29,6
DA:31,6
DA:33,6
DA:35,6
DA:36,18
DA:39,6
DA:42,2
DA:43,1
DA:50,1
DA:53,7
DA:55,7
DA:56,7
DA:57,7
DA:58,7
DA:60,7
DA:71,7
DA:72,7
DA:73,7
DA:74,7
DA:75,7
DA:76,15
DA:77,15
DA:78,7
DA:79,7
DA:80,8
DA:81,7
DA:89,1
DA:92,7
DA:93,6
DA:94,6
DA:96,1
DA:97,1
DA:100,7
DA:105,7
DA:113,1
DA:116,1
DA:127,1
DA:130,1
LF:52
LH:52
BRDA:7,1,0,2
BRDA:7,1,1,2
BRDA:7,2,0,2
BRDA:7,2,1,0
BRDA:7,3,0,1
BRDA:7,3,1,0
BRDA:7,4,0,0
BRDA:7,4,1,1
BRDA:13,5,0,0
BRDA:13,5,1,1
BRDA:13,6,0,1
BRDA:13,6,1,1
BRDA:15,7,0,0
BRDA:15,7,1,6
BRDA:17,8,0,0
BRDA:17,8,1,12
BRDA:17,9,0,6
BRDA:17,9,1,6
BRDA:17,10,0,12
BRDA:17,10,1,6
BRDA:17,10,2,0
BRDA:19,11,0,0
BRDA:19,11,1,1
BRDA:19,12,0,1
BRDA:19,12,1,0
BRDA:19,13,0,1
BRDA:19,13,1,1
BRDA:19,14,0,1
BRDA:19,14,1,0
BRDA:19,15,0,1
BRDA:19,15,1,0
BRDA:42,16,0,1
BRDA:42,16,1,1
BRDA:77,17,0,7
BRDA:77,17,1,8
BRDA:77,18,0,15
BRDA:77,18,1,7
BRDA:80,19,0,7
BRDA:80,19,1,1
BRDA:80,20,0,8
BRDA:80,20,1,8
BRDA:92,21,0,6
BRDA:92,21,1,1
BRF:43
BRH:32
end_of_record
TN:
SF:/home/mshameer/Projects/fr-webcms-components/src/uniqlo/TapableGrid/index.js
FN:7,(anonymous_1)
FN:7,defineProperties
FN:7,(anonymous_3)
FN:19,_interopRequireDefault
FN:21,_classCallCheck
FN:23,_possibleConstructorReturn
FN:25,_inherits
FN:39,wrapWithGrid
FN:51,getIrregularChildren
FN:53,(anonymous_10)
FN:76,(anonymous_11)
FN:79,TapableGrid
FN:87,render
FN:103,(anonymous_14)
FNF:14
FNH:11
FNDA:1,(anonymous_1)
FNDA:1,defineProperties
FNDA:1,(anonymous_3)
FNDA:2,_interopRequireDefault
FNDA:3,_classCallCheck
FNDA:3,_possibleConstructorReturn
FNDA:1,_inherits
FNDA:0,wrapWithGrid
FNDA:0,getIrregularChildren
FNDA:0,(anonymous_10)
FNDA:1,(anonymous_11)
FNDA:3,TapableGrid
FNDA:3,render
FNDA:5,(anonymous_14)
DA:3,1
DA:7,1
DA:9,1
DA:11,1
DA:13,1
DA:15,1
DA:17,1
DA:19,2
DA:21,3
DA:23,3
DA:25,1
DA:27,1
DA:28,1
DA:29,1
DA:32,1
DA:39,1
DA:40,0
DA:51,1
DA:53,0
DA:54,0
DA:57,0
DA:58,0
DA:60,0
DA:62,0
DA:63,0
DA:64,0
DA:66,0
DA:69,0
DA:72,0
DA:73,0
DA:76,1
DA:77,1
DA:79,1
DA:80,3
DA:82,3
DA:85,1
DA:88,3
DA:89,3
DA:90,3
DA:91,3
DA:92,3
DA:93,3
DA:94,3
DA:95,3
DA:96,3
DA:99,3
DA:100,3
DA:101,0
DA:103,3
DA:104,5
DA:108,3
DA:123,1
DA:126,1
DA:137,1
LF:54
LH:40
BRDA:7,1,0,1
BRDA:7,1,1,1
BRDA:7,2,0,1
BRDA:7,2,1,0
BRDA:7,3,0,1
BRDA:7,3,1,0
BRDA:7,4,0,0
BRDA:7,4,1,1
BRDA:19,5,0,1
BRDA:19,5,1,1
BRDA:19,6,0,2
BRDA:19,6,1,2
BRDA:21,7,0,0
BRDA:21,7,1,3
BRDA:23,8,0,0
BRDA:23,8,1,3
BRDA:23,9,0,0
BRDA:23,9,1,3
BRDA:23,10,0,3
BRDA:23,10,1,0
BRDA:23,10,2,0
BRDA:25,11,0,0
BRDA:25,11,1,1
BRDA:25,12,0,1
BRDA:25,12,1,0
BRDA:25,13,0,1
BRDA:25,13,1,1
BRDA:25,14,0,1
BRDA:25,14,1,0
BRDA:25,15,0,1
BRDA:25,15,1,0
BRDA:63,16,0,0
BRDA:63,16,1,0
BRDA:100,17,0,0
BRDA:100,17,1,3
BRF:35
BRH:20
end_of_record
TN:
SF:/home/mshameer/Projects/fr-webcms-components/src/uniqlo/TapableGrid/TapableItem.js
FN:25,_interopRequireDefault
FN:129,TapableItem
FNF:2
FNH:2
FNDA:4,_interopRequireDefault
FNDA:5,TapableItem
DA:3,1
DA:7,1
DA:9,1
DA:11,1
DA:13,1
DA:15,1
DA:17,1
DA:19,1
DA:21,1
DA:23,1
DA:25,4
DA:27,1
DA:28,1
DA:29,1
DA:30,1
DA:33,1
DA:129,1
DA:130,5
DA:131,5
DA:132,5
DA:133,5
DA:134,5
DA:135,5
DA:136,5
DA:137,5
DA:138,5
DA:139,5
DA:140,5
DA:143,5
DA:144,5
DA:145,5
DA:146,0
DA:149,5
DA:151,5
DA:176,1
DA:193,1
DA:198,1
LF:37
LH:36
BRDA:25,1,0,3
BRDA:25,1,1,1
BRDA:25,2,0,4
BRDA:25,2,1,4
BRDA:145,3,0,0
BRDA:145,3,1,5
BRDA:145,4,0,5
BRDA:145,4,1,0
BRDA:162,5,0,5
BRDA:162,5,1,0
BRDA:167,6,0,5
BRDA:167,6,1,3
BRF:12
BRH:9
end_of_record
TN:
SF:/home/mshameer/Projects/fr-webcms-components/src/TextInputGroup/index.js
FN:7,(anonymous_1)
FN:7,defineProperties
FN:7,(anonymous_3)
FN:27,_interopRequireDefault
FN:29,_classCallCheck
FN:31,_possibleConstructorReturn
FN:33,_inherits
FN:35,noop
FN:54,(anonymous_9)
FN:57,TextInputGroup
FN:68,(anonymous_11)
FN:76,render
FN:95,getRefs
FNF:13
FNH:12
FNDA:1,(anonymous_1)
FNDA:1,defineProperties
FNDA:1,(anonymous_3)
FNDA:4,_interopRequireDefault
FNDA:7,_classCallCheck
FNDA:14,_possibleConstructorReturn
FNDA:1,_inherits
FNDA:0,noop
FNDA:1,(anonymous_9)
FNDA:7,TextInputGroup
FNDA:1,(anonymous_11)
FNDA:7,render
FNDA:7,getRefs
DA:3,1
DA:7,1
DA:9,1
DA:11,1
DA:13,1
DA:15,1
DA:17,1
DA:19,1
DA:21,1
DA:23,1
DA:25,1
DA:27,4
DA:29,7
DA:31,14
DA:33,1
DA:35,1
DA:36,0
DA:38,1
DA:49,1
DA:50,1
DA:51,1
DA:52,1
DA:54,1
DA:55,1
DA:57,1
DA:58,7
DA:60,7
DA:62,7
DA:64,7
DA:65,21
DA:68,7
DA:69,1
DA:70,1
DA:74,1
DA:77,7
DA:79,7
DA:80,7
DA:81,7
DA:82,7
DA:83,7
DA:84,7
DA:85,7
DA:86,7
DA:87,7
DA:88,7
DA:89,7
DA:90,7
DA:91,7
DA:92,7
DA:95,7
DA:96,7
DA:99,7
DA:126,1
DA:129,1
DA:149,1
DA:152,1
LF:56
LH:55
BRDA:7,1,0,1
BRDA:7,1,1,1
BRDA:7,2,0,1
BRDA:7,2,1,0
BRDA:7,3,0,1
BRDA:7,3,1,0
BRDA:7,4,0,0
BRDA:7,4,1,1
BRDA:27,5,0,3
BRDA:27,5,1,1
BRDA:27,6,0,4
BRDA:27,6,1,4
BRDA:29,7,0,0
BRDA:29,7,1,7
BRDA:31,8,0,0
BRDA:31,8,1,14
BRDA:31,9,0,7
BRDA:31,9,1,7
BRDA:31,10,0,14
BRDA:31,10,1,7
BRDA:31,10,2,0
BRDA:33,11,0,0
BRDA:33,11,1,1
BRDA:33,12,0,1
BRDA:33,12,1,0
BRDA:33,13,0,1
BRDA:33,13,1,1
BRDA:33,14,0,1
BRDA:33,14,1,0
BRDA:33,15,0,1
BRDA:33,15,1,0
BRF:31
BRH:21
end_of_record
TN:
SF:/home/mshameer/Projects/fr-webcms-components/src/uniqlo/ThisOrThat/index.js
FN:37,_interopRequireDefault
FN:43,getRelevantContextKeys
FN:99,ThisOrThat
FNF:3
FNH:3
FNDA:7,_interopRequireDefault
FNDA:5,getRelevantContextKeys
FNDA:5,ThisOrThat
DA:3,1
DA:7,1
DA:9,1
DA:11,1
DA:13,1
DA:15,1
DA:17,1
DA:19,1
DA:21,1
DA:23,1
DA:25,1
DA:27,1
DA:29,1
DA:31,1
DA:33,1
DA:35,1
DA:37,7
DA:39,1
DA:40,1
DA:43,1
DA:44,5
DA:45,5
DA:47,5
DA:96,5
DA:99,1
DA:100,5
DA:101,5
DA:102,5
DA:103,5
DA:104,5
DA:105,5
DA:106,5
DA:107,5
DA:108,5
DA:109,5
DA:110,5
DA:111,5
DA:112,5
DA:113,5
DA:114,5
DA:115,5
DA:116,5
DA:117,5
DA:119,5
DA:121,5
DA:124,5
DA:125,5
DA:126,5
DA:128,5
DA:200,1
DA:221,1
DA:225,1
LF:52
LH:52
BRDA:37,1,0,6
BRDA:37,1,1,1
BRDA:37,2,0,7
BRDA:37,2,1,7
BRDA:44,3,0,5
BRDA:44,3,1,5
BRDA:45,4,0,5
BRDA:45,4,1,5
BRDA:45,4,2,0
BRF:9
BRH:8
end_of_record
TN:
SF:/home/mshameer/Projects/fr-webcms-components/src/uniqlo/UqLabel/index.js
FN:7,(anonymous_1)
FN:41,_interopRequireDefault
FN:49,getRelevantContextKeys
FN:56,getLabelStyles
FN:105,UqLabel
FNF:5
FNH:4
FNDA:0,(anonymous_1)
FNDA:8,_interopRequireDefault
FNDA:7,getRelevantContextKeys
FNDA:7,getLabelStyles
FNDA:7,UqLabel
DA:3,1
DA:7,1
DA:9,1
DA:11,1
DA:13,1
DA:15,1
DA:17,1
DA:19,1
DA:21,1
DA:23,1
DA:25,1
DA:27,1
DA:29,1
DA:31,1
DA:33,1
DA:35,1
DA:37,1
DA:39,1
DA:41,8
DA:43,1
DA:44,1
DA:45,1
DA:46,1
DA:49,1
DA:50,7
DA:52,7
DA:53,7
DA:56,1
DA:57,7
DA:58,7
DA:71,7
DA:74,1
DA:75,1
DA:76,1
DA:82,3
DA:83,3
DA:84,3
DA:91,3
DA:92,3
DA:93,3
DA:102,7
DA:105,1
DA:106,7
DA:107,7
DA:108,7
DA:109,7
DA:112,7
DA:117,7
DA:119,7
DA:127,1
DA:134,1
DA:139,1
LF:52
LH:52
BRDA:7,1,0,1
BRDA:7,1,1,0
BRDA:7,2,0,0
BRDA:7,2,1,0
BRDA:41,3,0,7
BRDA:41,3,1,1
BRDA:41,4,0,8
BRDA:41,4,1,8
BRDA:52,5,0,7
BRDA:52,5,1,7
BRDA:52,5,2,0
BRDA:64,6,0,7
BRDA:64,6,1,0
BRDA:71,7,0,1
BRDA:71,7,1,1
BRDA:71,7,2,3
BRDA:71,7,3,1
BRDA:71,7,4,2
BRDA:71,7,5,3
BRDA:71,7,6,0
BRDA:74,8,0,1
BRDA:74,8,1,0
BRDA:75,9,0,1
BRDA:75,9,1,0
BRDA:82,10,0,3
BRDA:82,10,1,0
BRDA:83,11,0,3
BRDA:83,11,1,0
BRDA:91,12,0,3
BRDA:91,12,1,0
BRDA:92,13,0,3
BRDA:92,13,1,0
BRDA:113,14,0,7
BRDA:113,14,1,7
BRDA:114,15,0,7
BRDA:114,15,1,7
BRF:36
BRH:24
end_of_record
